I, [2018-06-22T15:34:13.386822 #63835]  INFO -- : Started GET "/" for 127.0.0.1 at 2018-06-22 15:34:13 +0100
W, [2018-10-29T18:17:55.532031 #23932]  WARN -- : Creating scope :approved. Overwriting existing method Comment.approved.
W, [2018-10-29T18:17:55.532988 #23932]  WARN -- : Creating scope :removed. Overwriting existing method Comment.removed.
W, [2018-10-29T18:17:55.533055 #23932]  WARN -- : Creating scope :pending. Overwriting existing method Comment.pending.
I, [2018-10-29T18:18:03.983008 #23932]  INFO -- : [a27fdd73-b209-4706-ab1b-a36ebaaccb86] Started GET "/" for 127.0.0.1 at 2018-10-29 18:18:03 +0000
I, [2018-10-29T18:18:03.998075 #23932]  INFO -- : [a27fdd73-b209-4706-ab1b-a36ebaaccb86] Processing by ChallengesController#index as HTML
I, [2018-10-29T18:18:04.008105 #23932]  INFO -- : [a27fdd73-b209-4706-ab1b-a36ebaaccb86] Completed 401 Unauthorized in 10ms
I, [2018-10-29T18:18:04.276374 #23932]  INFO -- : [e7344478-7540-4d0c-9dde-8cb4bdff6577] Started GET "/users/sign_in" for 127.0.0.1 at 2018-10-29 18:18:04 +0000
I, [2018-10-29T18:18:04.277481 #23932]  INFO -- : [e7344478-7540-4d0c-9dde-8cb4bdff6577] Processing by SessionsController#new as HTML
I, [2018-10-29T18:18:04.380849 #23932]  INFO -- : [e7344478-7540-4d0c-9dde-8cb4bdff6577] Completed 500 Internal Server Error in 103ms (ActiveRecord: 62.4ms)
F, [2018-10-29T18:18:04.381971 #23932] FATAL -- : [e7344478-7540-4d0c-9dde-8cb4bdff6577]   
F, [2018-10-29T18:18:04.382011 #23932] FATAL -- : [e7344478-7540-4d0c-9dde-8cb4bdff6577] ActiveRecord::StatementInvalid (PG::UndefinedTable: ERROR:  relation "users" does not exist
LINE 8:                WHERE a.attrelid = '"users"'::regclass
                                          ^
:               SELECT a.attname, format_type(a.atttypid, a.atttypmod),
                     pg_get_expr(d.adbin, d.adrelid), a.attnotnull, a.atttypid, a.atttypmod,
             (SELECT c.collname FROM pg_collation c, pg_type t
               WHERE c.oid = a.attcollation AND t.oid = a.atttypid AND a.attcollation <> t.typcollation),
                     col_description(a.attrelid, a.attnum) AS comment
                FROM pg_attribute a LEFT JOIN pg_attrdef d
                  ON a.attrelid = d.adrelid AND a.attnum = d.adnum
               WHERE a.attrelid = '"users"'::regclass
                 AND a.attnum > 0 AND NOT a.attisdropped
               ORDER BY a.attnum
):
F, [2018-10-29T18:18:04.382041 #23932] FATAL -- : [e7344478-7540-4d0c-9dde-8cb4bdff6577]   
F, [2018-10-29T18:18:04.382083 #23932] FATAL -- : [e7344478-7540-4d0c-9dde-8cb4bdff6577] activerecord (5.0.7) lib/active_record/connection_adapters/postgresql/database_statements.rb:88:in `async_exec'
[e7344478-7540-4d0c-9dde-8cb4bdff6577] activerecord (5.0.7) lib/active_record/connection_adapters/postgresql/database_statements.rb:88:in `block in query'
[e7344478-7540-4d0c-9dde-8cb4bdff6577] activerecord (5.0.7) lib/active_record/connection_adapters/abstract_adapter.rb:590:in `block in log'
[e7344478-7540-4d0c-9dde-8cb4bdff6577] activesupport (5.0.7) lib/active_support/notifications/instrumenter.rb:21:in `instrument'
[e7344478-7540-4d0c-9dde-8cb4bdff6577] activerecord (5.0.7) lib/active_record/connection_adapters/abstract_adapter.rb:583:in `log'
[e7344478-7540-4d0c-9dde-8cb4bdff6577] activerecord (5.0.7) lib/active_record/connection_adapters/postgresql/database_statements.rb:87:in `query'
[e7344478-7540-4d0c-9dde-8cb4bdff6577] activerecord (5.0.7) lib/active_record/connection_adapters/postgresql_adapter.rb:741:in `column_definitions'
[e7344478-7540-4d0c-9dde-8cb4bdff6577] activerecord (5.0.7) lib/active_record/connection_adapters/postgresql/schema_statements.rb:227:in `columns'
[e7344478-7540-4d0c-9dde-8cb4bdff6577] activerecord (5.0.7) lib/active_record/connection_adapters/schema_cache.rb:56:in `columns'
[e7344478-7540-4d0c-9dde-8cb4bdff6577] activerecord (5.0.7) lib/active_record/connection_adapters/schema_cache.rb:62:in `columns_hash'
[e7344478-7540-4d0c-9dde-8cb4bdff6577] activerecord (5.0.7) lib/active_record/model_schema.rb:462:in `load_schema!'
[e7344478-7540-4d0c-9dde-8cb4bdff6577] activerecord (5.0.7) lib/active_record/attributes.rb:233:in `load_schema!'
[e7344478-7540-4d0c-9dde-8cb4bdff6577] activerecord (5.0.7) lib/active_record/attribute_decorators.rb:28:in `load_schema!'
[e7344478-7540-4d0c-9dde-8cb4bdff6577] activerecord (5.0.7) lib/active_record/model_schema.rb:455:in `block in load_schema'
[e7344478-7540-4d0c-9dde-8cb4bdff6577] /Users/mrebola/.rvm/rubies/ruby-2.4.0/lib/ruby/2.4.0/monitor.rb:214:in `mon_synchronize'
[e7344478-7540-4d0c-9dde-8cb4bdff6577] activerecord (5.0.7) lib/active_record/model_schema.rb:452:in `load_schema'
[e7344478-7540-4d0c-9dde-8cb4bdff6577] activerecord (5.0.7) lib/active_record/model_schema.rb:353:in `attribute_types'
[e7344478-7540-4d0c-9dde-8cb4bdff6577] activerecord (5.0.7) lib/active_record/attribute_methods.rb:179:in `has_attribute?'
[e7344478-7540-4d0c-9dde-8cb4bdff6577] activerecord (5.0.7) lib/active_record/inheritance.rb:54:in `new'
[e7344478-7540-4d0c-9dde-8cb4bdff6577] devise (4.5.0) app/controllers/devise/sessions_controller.rb:11:in `new'
[e7344478-7540-4d0c-9dde-8cb4bdff6577] actionpack (5.0.7) lib/action_controller/metal/basic_implicit_render.rb:4:in `send_action'
[e7344478-7540-4d0c-9dde-8cb4bdff6577] actionpack (5.0.7) lib/abstract_controller/base.rb:188:in `process_action'
[e7344478-7540-4d0c-9dde-8cb4bdff6577] actionpack (5.0.7) lib/action_controller/metal/rendering.rb:30:in `process_action'
[e7344478-7540-4d0c-9dde-8cb4bdff6577] actionpack (5.0.7) lib/abstract_controller/callbacks.rb:20:in `block in process_action'
[e7344478-7540-4d0c-9dde-8cb4bdff6577] activesupport (5.0.7) lib/active_support/callbacks.rb:126:in `call'
[e7344478-7540-4d0c-9dde-8cb4bdff6577] activesupport (5.0.7) lib/active_support/callbacks.rb:506:in `block (2 levels) in compile'
[e7344478-7540-4d0c-9dde-8cb4bdff6577] activesupport (5.0.7) lib/active_support/callbacks.rb:455:in `call'
[e7344478-7540-4d0c-9dde-8cb4bdff6577] activesupport (5.0.7) lib/active_support/callbacks.rb:101:in `__run_callbacks__'
[e7344478-7540-4d0c-9dde-8cb4bdff6577] activesupport (5.0.7) lib/active_support/callbacks.rb:750:in `_run_process_action_callbacks'
[e7344478-7540-4d0c-9dde-8cb4bdff6577] activesupport (5.0.7) lib/active_support/callbacks.rb:90:in `run_callbacks'
[e7344478-7540-4d0c-9dde-8cb4bdff6577] actionpack (5.0.7) lib/abstract_controller/callbacks.rb:19:in `process_action'
[e7344478-7540-4d0c-9dde-8cb4bdff6577] actionpack (5.0.7) lib/action_controller/metal/rescue.rb:20:in `process_action'
[e7344478-7540-4d0c-9dde-8cb4bdff6577] actionpack (5.0.7) lib/action_controller/metal/instrumentation.rb:32:in `block in process_action'
[e7344478-7540-4d0c-9dde-8cb4bdff6577] activesupport (5.0.7) lib/active_support/notifications.rb:164:in `block in instrument'
[e7344478-7540-4d0c-9dde-8cb4bdff6577] activesupport (5.0.7) lib/active_support/notifications/instrumenter.rb:21:in `instrument'
[e7344478-7540-4d0c-9dde-8cb4bdff6577] activesupport (5.0.7) lib/active_support/notifications.rb:164:in `instrument'
[e7344478-7540-4d0c-9dde-8cb4bdff6577] actionpack (5.0.7) lib/action_controller/metal/instrumentation.rb:30:in `process_action'
[e7344478-7540-4d0c-9dde-8cb4bdff6577] actionpack (5.0.7) lib/action_controller/metal/params_wrapper.rb:248:in `process_action'
[e7344478-7540-4d0c-9dde-8cb4bdff6577] activerecord (5.0.7) lib/active_record/railties/controller_runtime.rb:18:in `process_action'
[e7344478-7540-4d0c-9dde-8cb4bdff6577] actionpack (5.0.7) lib/abstract_controller/base.rb:126:in `process'
[e7344478-7540-4d0c-9dde-8cb4bdff6577] actionview (5.0.7) lib/action_view/rendering.rb:30:in `process'
[e7344478-7540-4d0c-9dde-8cb4bdff6577] actionpack (5.0.7) lib/action_controller/metal.rb:190:in `dispatch'
[e7344478-7540-4d0c-9dde-8cb4bdff6577] actionpack (5.0.7) lib/action_controller/metal.rb:262:in `dispatch'
[e7344478-7540-4d0c-9dde-8cb4bdff6577] actionpack (5.0.7) lib/action_dispatch/routing/route_set.rb:50:in `dispatch'
[e7344478-7540-4d0c-9dde-8cb4bdff6577] actionpack (5.0.7) lib/action_dispatch/routing/route_set.rb:32:in `serve'
[e7344478-7540-4d0c-9dde-8cb4bdff6577] actionpack (5.0.7) lib/action_dispatch/routing/mapper.rb:16:in `block in <class:Constraints>'
[e7344478-7540-4d0c-9dde-8cb4bdff6577] actionpack (5.0.7) lib/action_dispatch/routing/mapper.rb:46:in `serve'
[e7344478-7540-4d0c-9dde-8cb4bdff6577] actionpack (5.0.7) lib/action_dispatch/journey/router.rb:39:in `block in serve'
[e7344478-7540-4d0c-9dde-8cb4bdff6577] actionpack (5.0.7) lib/action_dispatch/journey/router.rb:26:in `each'
[e7344478-7540-4d0c-9dde-8cb4bdff6577] actionpack (5.0.7) lib/action_dispatch/journey/router.rb:26:in `serve'
[e7344478-7540-4d0c-9dde-8cb4bdff6577] actionpack (5.0.7) lib/action_dispatch/routing/route_set.rb:727:in `call'
[e7344478-7540-4d0c-9dde-8cb4bdff6577] warden (1.2.7) lib/warden/manager.rb:36:in `block in call'
[e7344478-7540-4d0c-9dde-8cb4bdff6577] warden (1.2.7) lib/warden/manager.rb:35:in `catch'
[e7344478-7540-4d0c-9dde-8cb4bdff6577] warden (1.2.7) lib/warden/manager.rb:35:in `call'
[e7344478-7540-4d0c-9dde-8cb4bdff6577] rack (2.0.5) lib/rack/etag.rb:25:in `call'
[e7344478-7540-4d0c-9dde-8cb4bdff6577] rack (2.0.5) lib/rack/conditional_get.rb:25:in `call'
[e7344478-7540-4d0c-9dde-8cb4bdff6577] rack (2.0.5) lib/rack/head.rb:12:in `call'
[e7344478-7540-4d0c-9dde-8cb4bdff6577] rack (2.0.5) lib/rack/session/abstract/id.rb:232:in `context'
[e7344478-7540-4d0c-9dde-8cb4bdff6577] rack (2.0.5) lib/rack/session/abstract/id.rb:226:in `call'
[e7344478-7540-4d0c-9dde-8cb4bdff6577] actionpack (5.0.7) lib/action_dispatch/middleware/cookies.rb:613:in `call'
[e7344478-7540-4d0c-9dde-8cb4bdff6577] actionpack (5.0.7) lib/action_dispatch/middleware/callbacks.rb:38:in `block in call'
[e7344478-7540-4d0c-9dde-8cb4bdff6577] activesupport (5.0.7) lib/active_support/callbacks.rb:97:in `__run_callbacks__'
[e7344478-7540-4d0c-9dde-8cb4bdff6577] activesupport (5.0.7) lib/active_support/callbacks.rb:750:in `_run_call_callbacks'
[e7344478-7540-4d0c-9dde-8cb4bdff6577] activesupport (5.0.7) lib/active_support/callbacks.rb:90:in `run_callbacks'
[e7344478-7540-4d0c-9dde-8cb4bdff6577] actionpack (5.0.7) lib/action_dispatch/middleware/callbacks.rb:36:in `call'
[e7344478-7540-4d0c-9dde-8cb4bdff6577] actionpack (5.0.7) lib/action_dispatch/middleware/remote_ip.rb:79:in `call'
[e7344478-7540-4d0c-9dde-8cb4bdff6577] actionpack (5.0.7) lib/action_dispatch/middleware/debug_exceptions.rb:49:in `call'
[e7344478-7540-4d0c-9dde-8cb4bdff6577] actionpack (5.0.7) lib/action_dispatch/middleware/show_exceptions.rb:31:in `call'
[e7344478-7540-4d0c-9dde-8cb4bdff6577] railties (5.0.7) lib/rails/rack/logger.rb:36:in `call_app'
[e7344478-7540-4d0c-9dde-8cb4bdff6577] railties (5.0.7) lib/rails/rack/logger.rb:24:in `block in call'
[e7344478-7540-4d0c-9dde-8cb4bdff6577] activesupport (5.0.7) lib/active_support/tagged_logging.rb:69:in `block in tagged'
[e7344478-7540-4d0c-9dde-8cb4bdff6577] activesupport (5.0.7) lib/active_support/tagged_logging.rb:26:in `tagged'
[e7344478-7540-4d0c-9dde-8cb4bdff6577] activesupport (5.0.7) lib/active_support/tagged_logging.rb:69:in `tagged'
[e7344478-7540-4d0c-9dde-8cb4bdff6577] railties (5.0.7) lib/rails/rack/logger.rb:24:in `call'
[e7344478-7540-4d0c-9dde-8cb4bdff6577] sprockets-rails (3.2.1) lib/sprockets/rails/quiet_assets.rb:13:in `call'
[e7344478-7540-4d0c-9dde-8cb4bdff6577] actionpack (5.0.7) lib/action_dispatch/middleware/request_id.rb:24:in `call'
[e7344478-7540-4d0c-9dde-8cb4bdff6577] rack (2.0.5) lib/rack/method_override.rb:22:in `call'
[e7344478-7540-4d0c-9dde-8cb4bdff6577] rack (2.0.5) lib/rack/runtime.rb:22:in `call'
[e7344478-7540-4d0c-9dde-8cb4bdff6577] activesupport (5.0.7) lib/active_support/cache/strategy/local_cache_middleware.rb:28:in `call'
[e7344478-7540-4d0c-9dde-8cb4bdff6577] actionpack (5.0.7) lib/action_dispatch/middleware/executor.rb:12:in `call'
[e7344478-7540-4d0c-9dde-8cb4bdff6577] actionpack (5.0.7) lib/action_dispatch/middleware/static.rb:136:in `call'
[e7344478-7540-4d0c-9dde-8cb4bdff6577] rack (2.0.5) lib/rack/sendfile.rb:111:in `call'
[e7344478-7540-4d0c-9dde-8cb4bdff6577] railties (5.0.7) lib/rails/engine.rb:522:in `call'
[e7344478-7540-4d0c-9dde-8cb4bdff6577] puma (3.12.0) lib/puma/configuration.rb:225:in `call'
[e7344478-7540-4d0c-9dde-8cb4bdff6577] puma (3.12.0) lib/puma/server.rb:658:in `handle_request'
[e7344478-7540-4d0c-9dde-8cb4bdff6577] puma (3.12.0) lib/puma/server.rb:472:in `process_client'
[e7344478-7540-4d0c-9dde-8cb4bdff6577] puma (3.12.0) lib/puma/server.rb:332:in `block in run'
[e7344478-7540-4d0c-9dde-8cb4bdff6577] puma (3.12.0) lib/puma/thread_pool.rb:133:in `block in spawn_thread'
I, [2018-10-29T18:18:39.692752 #23932]  INFO -- : [b494a08b-3763-4c58-bc98-5a13aefb4847] Started GET "/users/sign_in" for 127.0.0.1 at 2018-10-29 18:18:39 +0000
I, [2018-10-29T18:18:39.693426 #23932]  INFO -- : [b494a08b-3763-4c58-bc98-5a13aefb4847] Processing by SessionsController#new as HTML
I, [2018-10-29T18:18:39.695051 #23932]  INFO -- : [b494a08b-3763-4c58-bc98-5a13aefb4847] Completed 500 Internal Server Error in 2ms (ActiveRecord: 0.5ms)
F, [2018-10-29T18:18:39.696059 #23932] FATAL -- : [b494a08b-3763-4c58-bc98-5a13aefb4847]   
F, [2018-10-29T18:18:39.696097 #23932] FATAL -- : [b494a08b-3763-4c58-bc98-5a13aefb4847] ActiveRecord::StatementInvalid (PG::UndefinedTable: ERROR:  relation "users" does not exist
LINE 8:                WHERE a.attrelid = '"users"'::regclass
                                          ^
:               SELECT a.attname, format_type(a.atttypid, a.atttypmod),
                     pg_get_expr(d.adbin, d.adrelid), a.attnotnull, a.atttypid, a.atttypmod,
             (SELECT c.collname FROM pg_collation c, pg_type t
               WHERE c.oid = a.attcollation AND t.oid = a.atttypid AND a.attcollation <> t.typcollation),
                     col_description(a.attrelid, a.attnum) AS comment
                FROM pg_attribute a LEFT JOIN pg_attrdef d
                  ON a.attrelid = d.adrelid AND a.attnum = d.adnum
               WHERE a.attrelid = '"users"'::regclass
                 AND a.attnum > 0 AND NOT a.attisdropped
               ORDER BY a.attnum
):
F, [2018-10-29T18:18:39.696125 #23932] FATAL -- : [b494a08b-3763-4c58-bc98-5a13aefb4847]   
F, [2018-10-29T18:18:39.696168 #23932] FATAL -- : [b494a08b-3763-4c58-bc98-5a13aefb4847] activerecord (5.0.7) lib/active_record/connection_adapters/postgresql/database_statements.rb:88:in `async_exec'
[b494a08b-3763-4c58-bc98-5a13aefb4847] activerecord (5.0.7) lib/active_record/connection_adapters/postgresql/database_statements.rb:88:in `block in query'
[b494a08b-3763-4c58-bc98-5a13aefb4847] activerecord (5.0.7) lib/active_record/connection_adapters/abstract_adapter.rb:590:in `block in log'
[b494a08b-3763-4c58-bc98-5a13aefb4847] activesupport (5.0.7) lib/active_support/notifications/instrumenter.rb:21:in `instrument'
[b494a08b-3763-4c58-bc98-5a13aefb4847] activerecord (5.0.7) lib/active_record/connection_adapters/abstract_adapter.rb:583:in `log'
[b494a08b-3763-4c58-bc98-5a13aefb4847] activerecord (5.0.7) lib/active_record/connection_adapters/postgresql/database_statements.rb:87:in `query'
[b494a08b-3763-4c58-bc98-5a13aefb4847] activerecord (5.0.7) lib/active_record/connection_adapters/postgresql_adapter.rb:741:in `column_definitions'
[b494a08b-3763-4c58-bc98-5a13aefb4847] activerecord (5.0.7) lib/active_record/connection_adapters/postgresql/schema_statements.rb:227:in `columns'
[b494a08b-3763-4c58-bc98-5a13aefb4847] activerecord (5.0.7) lib/active_record/connection_adapters/schema_cache.rb:56:in `columns'
[b494a08b-3763-4c58-bc98-5a13aefb4847] activerecord (5.0.7) lib/active_record/connection_adapters/schema_cache.rb:62:in `columns_hash'
[b494a08b-3763-4c58-bc98-5a13aefb4847] activerecord (5.0.7) lib/active_record/model_schema.rb:462:in `load_schema!'
[b494a08b-3763-4c58-bc98-5a13aefb4847] activerecord (5.0.7) lib/active_record/attributes.rb:233:in `load_schema!'
[b494a08b-3763-4c58-bc98-5a13aefb4847] activerecord (5.0.7) lib/active_record/attribute_decorators.rb:28:in `load_schema!'
[b494a08b-3763-4c58-bc98-5a13aefb4847] activerecord (5.0.7) lib/active_record/model_schema.rb:455:in `block in load_schema'
[b494a08b-3763-4c58-bc98-5a13aefb4847] /Users/mrebola/.rvm/rubies/ruby-2.4.0/lib/ruby/2.4.0/monitor.rb:214:in `mon_synchronize'
[b494a08b-3763-4c58-bc98-5a13aefb4847] activerecord (5.0.7) lib/active_record/model_schema.rb:452:in `load_schema'
[b494a08b-3763-4c58-bc98-5a13aefb4847] activerecord (5.0.7) lib/active_record/model_schema.rb:353:in `attribute_types'
[b494a08b-3763-4c58-bc98-5a13aefb4847] activerecord (5.0.7) lib/active_record/attribute_methods.rb:179:in `has_attribute?'
[b494a08b-3763-4c58-bc98-5a13aefb4847] activerecord (5.0.7) lib/active_record/inheritance.rb:54:in `new'
[b494a08b-3763-4c58-bc98-5a13aefb4847] devise (4.5.0) app/controllers/devise/sessions_controller.rb:11:in `new'
[b494a08b-3763-4c58-bc98-5a13aefb4847] actionpack (5.0.7) lib/action_controller/metal/basic_implicit_render.rb:4:in `send_action'
[b494a08b-3763-4c58-bc98-5a13aefb4847] actionpack (5.0.7) lib/abstract_controller/base.rb:188:in `process_action'
[b494a08b-3763-4c58-bc98-5a13aefb4847] actionpack (5.0.7) lib/action_controller/metal/rendering.rb:30:in `process_action'
[b494a08b-3763-4c58-bc98-5a13aefb4847] actionpack (5.0.7) lib/abstract_controller/callbacks.rb:20:in `block in process_action'
[b494a08b-3763-4c58-bc98-5a13aefb4847] activesupport (5.0.7) lib/active_support/callbacks.rb:126:in `call'
[b494a08b-3763-4c58-bc98-5a13aefb4847] activesupport (5.0.7) lib/active_support/callbacks.rb:506:in `block (2 levels) in compile'
[b494a08b-3763-4c58-bc98-5a13aefb4847] activesupport (5.0.7) lib/active_support/callbacks.rb:455:in `call'
[b494a08b-3763-4c58-bc98-5a13aefb4847] activesupport (5.0.7) lib/active_support/callbacks.rb:101:in `__run_callbacks__'
[b494a08b-3763-4c58-bc98-5a13aefb4847] activesupport (5.0.7) lib/active_support/callbacks.rb:750:in `_run_process_action_callbacks'
[b494a08b-3763-4c58-bc98-5a13aefb4847] activesupport (5.0.7) lib/active_support/callbacks.rb:90:in `run_callbacks'
[b494a08b-3763-4c58-bc98-5a13aefb4847] actionpack (5.0.7) lib/abstract_controller/callbacks.rb:19:in `process_action'
[b494a08b-3763-4c58-bc98-5a13aefb4847] actionpack (5.0.7) lib/action_controller/metal/rescue.rb:20:in `process_action'
[b494a08b-3763-4c58-bc98-5a13aefb4847] actionpack (5.0.7) lib/action_controller/metal/instrumentation.rb:32:in `block in process_action'
[b494a08b-3763-4c58-bc98-5a13aefb4847] activesupport (5.0.7) lib/active_support/notifications.rb:164:in `block in instrument'
[b494a08b-3763-4c58-bc98-5a13aefb4847] activesupport (5.0.7) lib/active_support/notifications/instrumenter.rb:21:in `instrument'
[b494a08b-3763-4c58-bc98-5a13aefb4847] activesupport (5.0.7) lib/active_support/notifications.rb:164:in `instrument'
[b494a08b-3763-4c58-bc98-5a13aefb4847] actionpack (5.0.7) lib/action_controller/metal/instrumentation.rb:30:in `process_action'
[b494a08b-3763-4c58-bc98-5a13aefb4847] actionpack (5.0.7) lib/action_controller/metal/params_wrapper.rb:248:in `process_action'
[b494a08b-3763-4c58-bc98-5a13aefb4847] activerecord (5.0.7) lib/active_record/railties/controller_runtime.rb:18:in `process_action'
[b494a08b-3763-4c58-bc98-5a13aefb4847] actionpack (5.0.7) lib/abstract_controller/base.rb:126:in `process'
[b494a08b-3763-4c58-bc98-5a13aefb4847] actionview (5.0.7) lib/action_view/rendering.rb:30:in `process'
[b494a08b-3763-4c58-bc98-5a13aefb4847] actionpack (5.0.7) lib/action_controller/metal.rb:190:in `dispatch'
[b494a08b-3763-4c58-bc98-5a13aefb4847] actionpack (5.0.7) lib/action_controller/metal.rb:262:in `dispatch'
[b494a08b-3763-4c58-bc98-5a13aefb4847] actionpack (5.0.7) lib/action_dispatch/routing/route_set.rb:50:in `dispatch'
[b494a08b-3763-4c58-bc98-5a13aefb4847] actionpack (5.0.7) lib/action_dispatch/routing/route_set.rb:32:in `serve'
[b494a08b-3763-4c58-bc98-5a13aefb4847] actionpack (5.0.7) lib/action_dispatch/routing/mapper.rb:16:in `block in <class:Constraints>'
[b494a08b-3763-4c58-bc98-5a13aefb4847] actionpack (5.0.7) lib/action_dispatch/routing/mapper.rb:46:in `serve'
[b494a08b-3763-4c58-bc98-5a13aefb4847] actionpack (5.0.7) lib/action_dispatch/journey/router.rb:39:in `block in serve'
[b494a08b-3763-4c58-bc98-5a13aefb4847] actionpack (5.0.7) lib/action_dispatch/journey/router.rb:26:in `each'
[b494a08b-3763-4c58-bc98-5a13aefb4847] actionpack (5.0.7) lib/action_dispatch/journey/router.rb:26:in `serve'
[b494a08b-3763-4c58-bc98-5a13aefb4847] actionpack (5.0.7) lib/action_dispatch/routing/route_set.rb:727:in `call'
[b494a08b-3763-4c58-bc98-5a13aefb4847] warden (1.2.7) lib/warden/manager.rb:36:in `block in call'
[b494a08b-3763-4c58-bc98-5a13aefb4847] warden (1.2.7) lib/warden/manager.rb:35:in `catch'
[b494a08b-3763-4c58-bc98-5a13aefb4847] warden (1.2.7) lib/warden/manager.rb:35:in `call'
[b494a08b-3763-4c58-bc98-5a13aefb4847] rack (2.0.5) lib/rack/etag.rb:25:in `call'
[b494a08b-3763-4c58-bc98-5a13aefb4847] rack (2.0.5) lib/rack/conditional_get.rb:25:in `call'
[b494a08b-3763-4c58-bc98-5a13aefb4847] rack (2.0.5) lib/rack/head.rb:12:in `call'
[b494a08b-3763-4c58-bc98-5a13aefb4847] rack (2.0.5) lib/rack/session/abstract/id.rb:232:in `context'
[b494a08b-3763-4c58-bc98-5a13aefb4847] rack (2.0.5) lib/rack/session/abstract/id.rb:226:in `call'
[b494a08b-3763-4c58-bc98-5a13aefb4847] actionpack (5.0.7) lib/action_dispatch/middleware/cookies.rb:613:in `call'
[b494a08b-3763-4c58-bc98-5a13aefb4847] actionpack (5.0.7) lib/action_dispatch/middleware/callbacks.rb:38:in `block in call'
[b494a08b-3763-4c58-bc98-5a13aefb4847] activesupport (5.0.7) lib/active_support/callbacks.rb:97:in `__run_callbacks__'
[b494a08b-3763-4c58-bc98-5a13aefb4847] activesupport (5.0.7) lib/active_support/callbacks.rb:750:in `_run_call_callbacks'
[b494a08b-3763-4c58-bc98-5a13aefb4847] activesupport (5.0.7) lib/active_support/callbacks.rb:90:in `run_callbacks'
[b494a08b-3763-4c58-bc98-5a13aefb4847] actionpack (5.0.7) lib/action_dispatch/middleware/callbacks.rb:36:in `call'
[b494a08b-3763-4c58-bc98-5a13aefb4847] actionpack (5.0.7) lib/action_dispatch/middleware/remote_ip.rb:79:in `call'
[b494a08b-3763-4c58-bc98-5a13aefb4847] actionpack (5.0.7) lib/action_dispatch/middleware/debug_exceptions.rb:49:in `call'
[b494a08b-3763-4c58-bc98-5a13aefb4847] actionpack (5.0.7) lib/action_dispatch/middleware/show_exceptions.rb:31:in `call'
[b494a08b-3763-4c58-bc98-5a13aefb4847] railties (5.0.7) lib/rails/rack/logger.rb:36:in `call_app'
[b494a08b-3763-4c58-bc98-5a13aefb4847] railties (5.0.7) lib/rails/rack/logger.rb:24:in `block in call'
[b494a08b-3763-4c58-bc98-5a13aefb4847] activesupport (5.0.7) lib/active_support/tagged_logging.rb:69:in `block in tagged'
[b494a08b-3763-4c58-bc98-5a13aefb4847] activesupport (5.0.7) lib/active_support/tagged_logging.rb:26:in `tagged'
[b494a08b-3763-4c58-bc98-5a13aefb4847] activesupport (5.0.7) lib/active_support/tagged_logging.rb:69:in `tagged'
[b494a08b-3763-4c58-bc98-5a13aefb4847] railties (5.0.7) lib/rails/rack/logger.rb:24:in `call'
[b494a08b-3763-4c58-bc98-5a13aefb4847] sprockets-rails (3.2.1) lib/sprockets/rails/quiet_assets.rb:13:in `call'
[b494a08b-3763-4c58-bc98-5a13aefb4847] actionpack (5.0.7) lib/action_dispatch/middleware/request_id.rb:24:in `call'
[b494a08b-3763-4c58-bc98-5a13aefb4847] rack (2.0.5) lib/rack/method_override.rb:22:in `call'
[b494a08b-3763-4c58-bc98-5a13aefb4847] rack (2.0.5) lib/rack/runtime.rb:22:in `call'
[b494a08b-3763-4c58-bc98-5a13aefb4847] activesupport (5.0.7) lib/active_support/cache/strategy/local_cache_middleware.rb:28:in `call'
[b494a08b-3763-4c58-bc98-5a13aefb4847] actionpack (5.0.7) lib/action_dispatch/middleware/executor.rb:12:in `call'
[b494a08b-3763-4c58-bc98-5a13aefb4847] actionpack (5.0.7) lib/action_dispatch/middleware/static.rb:136:in `call'
[b494a08b-3763-4c58-bc98-5a13aefb4847] rack (2.0.5) lib/rack/sendfile.rb:111:in `call'
[b494a08b-3763-4c58-bc98-5a13aefb4847] railties (5.0.7) lib/rails/engine.rb:522:in `call'
[b494a08b-3763-4c58-bc98-5a13aefb4847] puma (3.12.0) lib/puma/configuration.rb:225:in `call'
[b494a08b-3763-4c58-bc98-5a13aefb4847] puma (3.12.0) lib/puma/server.rb:658:in `handle_request'
[b494a08b-3763-4c58-bc98-5a13aefb4847] puma (3.12.0) lib/puma/server.rb:472:in `process_client'
[b494a08b-3763-4c58-bc98-5a13aefb4847] puma (3.12.0) lib/puma/server.rb:332:in `block in run'
[b494a08b-3763-4c58-bc98-5a13aefb4847] puma (3.12.0) lib/puma/thread_pool.rb:133:in `block in spawn_thread'
I, [2018-10-29T18:18:40.523588 #23932]  INFO -- : [fd705e80-7bf7-4d41-a758-b96bb41c6c4f] Started GET "/users/sign_in" for 127.0.0.1 at 2018-10-29 18:18:40 +0000
I, [2018-10-29T18:18:40.524519 #23932]  INFO -- : [fd705e80-7bf7-4d41-a758-b96bb41c6c4f] Processing by SessionsController#new as HTML
I, [2018-10-29T18:18:40.526381 #23932]  INFO -- : [fd705e80-7bf7-4d41-a758-b96bb41c6c4f] Completed 500 Internal Server Error in 2ms (ActiveRecord: 0.6ms)
F, [2018-10-29T18:18:40.527443 #23932] FATAL -- : [fd705e80-7bf7-4d41-a758-b96bb41c6c4f]   
F, [2018-10-29T18:18:40.527491 #23932] FATAL -- : [fd705e80-7bf7-4d41-a758-b96bb41c6c4f] ActiveRecord::StatementInvalid (PG::UndefinedTable: ERROR:  relation "users" does not exist
LINE 8:                WHERE a.attrelid = '"users"'::regclass
                                          ^
:               SELECT a.attname, format_type(a.atttypid, a.atttypmod),
                     pg_get_expr(d.adbin, d.adrelid), a.attnotnull, a.atttypid, a.atttypmod,
             (SELECT c.collname FROM pg_collation c, pg_type t
               WHERE c.oid = a.attcollation AND t.oid = a.atttypid AND a.attcollation <> t.typcollation),
                     col_description(a.attrelid, a.attnum) AS comment
                FROM pg_attribute a LEFT JOIN pg_attrdef d
                  ON a.attrelid = d.adrelid AND a.attnum = d.adnum
               WHERE a.attrelid = '"users"'::regclass
                 AND a.attnum > 0 AND NOT a.attisdropped
               ORDER BY a.attnum
):
F, [2018-10-29T18:18:40.527518 #23932] FATAL -- : [fd705e80-7bf7-4d41-a758-b96bb41c6c4f]   
F, [2018-10-29T18:18:40.527559 #23932] FATAL -- : [fd705e80-7bf7-4d41-a758-b96bb41c6c4f] activerecord (5.0.7) lib/active_record/connection_adapters/postgresql/database_statements.rb:88:in `async_exec'
[fd705e80-7bf7-4d41-a758-b96bb41c6c4f] activerecord (5.0.7) lib/active_record/connection_adapters/postgresql/database_statements.rb:88:in `block in query'
[fd705e80-7bf7-4d41-a758-b96bb41c6c4f] activerecord (5.0.7) lib/active_record/connection_adapters/abstract_adapter.rb:590:in `block in log'
[fd705e80-7bf7-4d41-a758-b96bb41c6c4f] activesupport (5.0.7) lib/active_support/notifications/instrumenter.rb:21:in `instrument'
[fd705e80-7bf7-4d41-a758-b96bb41c6c4f] activerecord (5.0.7) lib/active_record/connection_adapters/abstract_adapter.rb:583:in `log'
[fd705e80-7bf7-4d41-a758-b96bb41c6c4f] activerecord (5.0.7) lib/active_record/connection_adapters/postgresql/database_statements.rb:87:in `query'
[fd705e80-7bf7-4d41-a758-b96bb41c6c4f] activerecord (5.0.7) lib/active_record/connection_adapters/postgresql_adapter.rb:741:in `column_definitions'
[fd705e80-7bf7-4d41-a758-b96bb41c6c4f] activerecord (5.0.7) lib/active_record/connection_adapters/postgresql/schema_statements.rb:227:in `columns'
[fd705e80-7bf7-4d41-a758-b96bb41c6c4f] activerecord (5.0.7) lib/active_record/connection_adapters/schema_cache.rb:56:in `columns'
[fd705e80-7bf7-4d41-a758-b96bb41c6c4f] activerecord (5.0.7) lib/active_record/connection_adapters/schema_cache.rb:62:in `columns_hash'
[fd705e80-7bf7-4d41-a758-b96bb41c6c4f] activerecord (5.0.7) lib/active_record/model_schema.rb:462:in `load_schema!'
[fd705e80-7bf7-4d41-a758-b96bb41c6c4f] activerecord (5.0.7) lib/active_record/attributes.rb:233:in `load_schema!'
[fd705e80-7bf7-4d41-a758-b96bb41c6c4f] activerecord (5.0.7) lib/active_record/attribute_decorators.rb:28:in `load_schema!'
[fd705e80-7bf7-4d41-a758-b96bb41c6c4f] activerecord (5.0.7) lib/active_record/model_schema.rb:455:in `block in load_schema'
[fd705e80-7bf7-4d41-a758-b96bb41c6c4f] /Users/mrebola/.rvm/rubies/ruby-2.4.0/lib/ruby/2.4.0/monitor.rb:214:in `mon_synchronize'
[fd705e80-7bf7-4d41-a758-b96bb41c6c4f] activerecord (5.0.7) lib/active_record/model_schema.rb:452:in `load_schema'
[fd705e80-7bf7-4d41-a758-b96bb41c6c4f] activerecord (5.0.7) lib/active_record/model_schema.rb:353:in `attribute_types'
[fd705e80-7bf7-4d41-a758-b96bb41c6c4f] activerecord (5.0.7) lib/active_record/attribute_methods.rb:179:in `has_attribute?'
[fd705e80-7bf7-4d41-a758-b96bb41c6c4f] activerecord (5.0.7) lib/active_record/inheritance.rb:54:in `new'
[fd705e80-7bf7-4d41-a758-b96bb41c6c4f] devise (4.5.0) app/controllers/devise/sessions_controller.rb:11:in `new'
[fd705e80-7bf7-4d41-a758-b96bb41c6c4f] actionpack (5.0.7) lib/action_controller/metal/basic_implicit_render.rb:4:in `send_action'
[fd705e80-7bf7-4d41-a758-b96bb41c6c4f] actionpack (5.0.7) lib/abstract_controller/base.rb:188:in `process_action'
[fd705e80-7bf7-4d41-a758-b96bb41c6c4f] actionpack (5.0.7) lib/action_controller/metal/rendering.rb:30:in `process_action'
[fd705e80-7bf7-4d41-a758-b96bb41c6c4f] actionpack (5.0.7) lib/abstract_controller/callbacks.rb:20:in `block in process_action'
[fd705e80-7bf7-4d41-a758-b96bb41c6c4f] activesupport (5.0.7) lib/active_support/callbacks.rb:126:in `call'
[fd705e80-7bf7-4d41-a758-b96bb41c6c4f] activesupport (5.0.7) lib/active_support/callbacks.rb:506:in `block (2 levels) in compile'
[fd705e80-7bf7-4d41-a758-b96bb41c6c4f] activesupport (5.0.7) lib/active_support/callbacks.rb:455:in `call'
[fd705e80-7bf7-4d41-a758-b96bb41c6c4f] activesupport (5.0.7) lib/active_support/callbacks.rb:101:in `__run_callbacks__'
[fd705e80-7bf7-4d41-a758-b96bb41c6c4f] activesupport (5.0.7) lib/active_support/callbacks.rb:750:in `_run_process_action_callbacks'
[fd705e80-7bf7-4d41-a758-b96bb41c6c4f] activesupport (5.0.7) lib/active_support/callbacks.rb:90:in `run_callbacks'
[fd705e80-7bf7-4d41-a758-b96bb41c6c4f] actionpack (5.0.7) lib/abstract_controller/callbacks.rb:19:in `process_action'
[fd705e80-7bf7-4d41-a758-b96bb41c6c4f] actionpack (5.0.7) lib/action_controller/metal/rescue.rb:20:in `process_action'
[fd705e80-7bf7-4d41-a758-b96bb41c6c4f] actionpack (5.0.7) lib/action_controller/metal/instrumentation.rb:32:in `block in process_action'
[fd705e80-7bf7-4d41-a758-b96bb41c6c4f] activesupport (5.0.7) lib/active_support/notifications.rb:164:in `block in instrument'
[fd705e80-7bf7-4d41-a758-b96bb41c6c4f] activesupport (5.0.7) lib/active_support/notifications/instrumenter.rb:21:in `instrument'
[fd705e80-7bf7-4d41-a758-b96bb41c6c4f] activesupport (5.0.7) lib/active_support/notifications.rb:164:in `instrument'
[fd705e80-7bf7-4d41-a758-b96bb41c6c4f] actionpack (5.0.7) lib/action_controller/metal/instrumentation.rb:30:in `process_action'
[fd705e80-7bf7-4d41-a758-b96bb41c6c4f] actionpack (5.0.7) lib/action_controller/metal/params_wrapper.rb:248:in `process_action'
[fd705e80-7bf7-4d41-a758-b96bb41c6c4f] activerecord (5.0.7) lib/active_record/railties/controller_runtime.rb:18:in `process_action'
[fd705e80-7bf7-4d41-a758-b96bb41c6c4f] actionpack (5.0.7) lib/abstract_controller/base.rb:126:in `process'
[fd705e80-7bf7-4d41-a758-b96bb41c6c4f] actionview (5.0.7) lib/action_view/rendering.rb:30:in `process'
[fd705e80-7bf7-4d41-a758-b96bb41c6c4f] actionpack (5.0.7) lib/action_controller/metal.rb:190:in `dispatch'
[fd705e80-7bf7-4d41-a758-b96bb41c6c4f] actionpack (5.0.7) lib/action_controller/metal.rb:262:in `dispatch'
[fd705e80-7bf7-4d41-a758-b96bb41c6c4f] actionpack (5.0.7) lib/action_dispatch/routing/route_set.rb:50:in `dispatch'
[fd705e80-7bf7-4d41-a758-b96bb41c6c4f] actionpack (5.0.7) lib/action_dispatch/routing/route_set.rb:32:in `serve'
[fd705e80-7bf7-4d41-a758-b96bb41c6c4f] actionpack (5.0.7) lib/action_dispatch/routing/mapper.rb:16:in `block in <class:Constraints>'
[fd705e80-7bf7-4d41-a758-b96bb41c6c4f] actionpack (5.0.7) lib/action_dispatch/routing/mapper.rb:46:in `serve'
[fd705e80-7bf7-4d41-a758-b96bb41c6c4f] actionpack (5.0.7) lib/action_dispatch/journey/router.rb:39:in `block in serve'
[fd705e80-7bf7-4d41-a758-b96bb41c6c4f] actionpack (5.0.7) lib/action_dispatch/journey/router.rb:26:in `each'
[fd705e80-7bf7-4d41-a758-b96bb41c6c4f] actionpack (5.0.7) lib/action_dispatch/journey/router.rb:26:in `serve'
[fd705e80-7bf7-4d41-a758-b96bb41c6c4f] actionpack (5.0.7) lib/action_dispatch/routing/route_set.rb:727:in `call'
[fd705e80-7bf7-4d41-a758-b96bb41c6c4f] warden (1.2.7) lib/warden/manager.rb:36:in `block in call'
[fd705e80-7bf7-4d41-a758-b96bb41c6c4f] warden (1.2.7) lib/warden/manager.rb:35:in `catch'
[fd705e80-7bf7-4d41-a758-b96bb41c6c4f] warden (1.2.7) lib/warden/manager.rb:35:in `call'
[fd705e80-7bf7-4d41-a758-b96bb41c6c4f] rack (2.0.5) lib/rack/etag.rb:25:in `call'
[fd705e80-7bf7-4d41-a758-b96bb41c6c4f] rack (2.0.5) lib/rack/conditional_get.rb:25:in `call'
[fd705e80-7bf7-4d41-a758-b96bb41c6c4f] rack (2.0.5) lib/rack/head.rb:12:in `call'
[fd705e80-7bf7-4d41-a758-b96bb41c6c4f] rack (2.0.5) lib/rack/session/abstract/id.rb:232:in `context'
[fd705e80-7bf7-4d41-a758-b96bb41c6c4f] rack (2.0.5) lib/rack/session/abstract/id.rb:226:in `call'
[fd705e80-7bf7-4d41-a758-b96bb41c6c4f] actionpack (5.0.7) lib/action_dispatch/middleware/cookies.rb:613:in `call'
[fd705e80-7bf7-4d41-a758-b96bb41c6c4f] actionpack (5.0.7) lib/action_dispatch/middleware/callbacks.rb:38:in `block in call'
[fd705e80-7bf7-4d41-a758-b96bb41c6c4f] activesupport (5.0.7) lib/active_support/callbacks.rb:97:in `__run_callbacks__'
[fd705e80-7bf7-4d41-a758-b96bb41c6c4f] activesupport (5.0.7) lib/active_support/callbacks.rb:750:in `_run_call_callbacks'
[fd705e80-7bf7-4d41-a758-b96bb41c6c4f] activesupport (5.0.7) lib/active_support/callbacks.rb:90:in `run_callbacks'
[fd705e80-7bf7-4d41-a758-b96bb41c6c4f] actionpack (5.0.7) lib/action_dispatch/middleware/callbacks.rb:36:in `call'
[fd705e80-7bf7-4d41-a758-b96bb41c6c4f] actionpack (5.0.7) lib/action_dispatch/middleware/remote_ip.rb:79:in `call'
[fd705e80-7bf7-4d41-a758-b96bb41c6c4f] actionpack (5.0.7) lib/action_dispatch/middleware/debug_exceptions.rb:49:in `call'
[fd705e80-7bf7-4d41-a758-b96bb41c6c4f] actionpack (5.0.7) lib/action_dispatch/middleware/show_exceptions.rb:31:in `call'
[fd705e80-7bf7-4d41-a758-b96bb41c6c4f] railties (5.0.7) lib/rails/rack/logger.rb:36:in `call_app'
[fd705e80-7bf7-4d41-a758-b96bb41c6c4f] railties (5.0.7) lib/rails/rack/logger.rb:24:in `block in call'
[fd705e80-7bf7-4d41-a758-b96bb41c6c4f] activesupport (5.0.7) lib/active_support/tagged_logging.rb:69:in `block in tagged'
[fd705e80-7bf7-4d41-a758-b96bb41c6c4f] activesupport (5.0.7) lib/active_support/tagged_logging.rb:26:in `tagged'
[fd705e80-7bf7-4d41-a758-b96bb41c6c4f] activesupport (5.0.7) lib/active_support/tagged_logging.rb:69:in `tagged'
[fd705e80-7bf7-4d41-a758-b96bb41c6c4f] railties (5.0.7) lib/rails/rack/logger.rb:24:in `call'
[fd705e80-7bf7-4d41-a758-b96bb41c6c4f] sprockets-rails (3.2.1) lib/sprockets/rails/quiet_assets.rb:13:in `call'
[fd705e80-7bf7-4d41-a758-b96bb41c6c4f] actionpack (5.0.7) lib/action_dispatch/middleware/request_id.rb:24:in `call'
[fd705e80-7bf7-4d41-a758-b96bb41c6c4f] rack (2.0.5) lib/rack/method_override.rb:22:in `call'
[fd705e80-7bf7-4d41-a758-b96bb41c6c4f] rack (2.0.5) lib/rack/runtime.rb:22:in `call'
[fd705e80-7bf7-4d41-a758-b96bb41c6c4f] activesupport (5.0.7) lib/active_support/cache/strategy/local_cache_middleware.rb:28:in `call'
[fd705e80-7bf7-4d41-a758-b96bb41c6c4f] actionpack (5.0.7) lib/action_dispatch/middleware/executor.rb:12:in `call'
[fd705e80-7bf7-4d41-a758-b96bb41c6c4f] actionpack (5.0.7) lib/action_dispatch/middleware/static.rb:136:in `call'
[fd705e80-7bf7-4d41-a758-b96bb41c6c4f] rack (2.0.5) lib/rack/sendfile.rb:111:in `call'
[fd705e80-7bf7-4d41-a758-b96bb41c6c4f] railties (5.0.7) lib/rails/engine.rb:522:in `call'
[fd705e80-7bf7-4d41-a758-b96bb41c6c4f] puma (3.12.0) lib/puma/configuration.rb:225:in `call'
[fd705e80-7bf7-4d41-a758-b96bb41c6c4f] puma (3.12.0) lib/puma/server.rb:658:in `handle_request'
[fd705e80-7bf7-4d41-a758-b96bb41c6c4f] puma (3.12.0) lib/puma/server.rb:472:in `process_client'
[fd705e80-7bf7-4d41-a758-b96bb41c6c4f] puma (3.12.0) lib/puma/server.rb:332:in `block in run'
[fd705e80-7bf7-4d41-a758-b96bb41c6c4f] puma (3.12.0) lib/puma/thread_pool.rb:133:in `block in spawn_thread'
I, [2018-10-29T18:18:58.547600 #23932]  INFO -- : [406e8fa7-0afa-4011-b137-ec9d9c7d7f12] Started GET "/users/sign_in" for 127.0.0.1 at 2018-10-29 18:18:58 +0000
I, [2018-10-29T18:18:58.548370 #23932]  INFO -- : [406e8fa7-0afa-4011-b137-ec9d9c7d7f12] Processing by SessionsController#new as HTML
I, [2018-10-29T18:18:58.590178 #23932]  INFO -- : [406e8fa7-0afa-4011-b137-ec9d9c7d7f12] Completed 500 Internal Server Error in 42ms (ActiveRecord: 40.5ms)
F, [2018-10-29T18:18:58.591323 #23932] FATAL -- : [406e8fa7-0afa-4011-b137-ec9d9c7d7f12]   
F, [2018-10-29T18:18:58.591363 #23932] FATAL -- : [406e8fa7-0afa-4011-b137-ec9d9c7d7f12] ActiveRecord::StatementInvalid (PG::UndefinedTable: ERROR:  relation "users" does not exist
LINE 8:                WHERE a.attrelid = '"users"'::regclass
                                          ^
:               SELECT a.attname, format_type(a.atttypid, a.atttypmod),
                     pg_get_expr(d.adbin, d.adrelid), a.attnotnull, a.atttypid, a.atttypmod,
             (SELECT c.collname FROM pg_collation c, pg_type t
               WHERE c.oid = a.attcollation AND t.oid = a.atttypid AND a.attcollation <> t.typcollation),
                     col_description(a.attrelid, a.attnum) AS comment
                FROM pg_attribute a LEFT JOIN pg_attrdef d
                  ON a.attrelid = d.adrelid AND a.attnum = d.adnum
               WHERE a.attrelid = '"users"'::regclass
                 AND a.attnum > 0 AND NOT a.attisdropped
               ORDER BY a.attnum
):
F, [2018-10-29T18:18:58.591432 #23932] FATAL -- : [406e8fa7-0afa-4011-b137-ec9d9c7d7f12]   
F, [2018-10-29T18:18:58.591472 #23932] FATAL -- : [406e8fa7-0afa-4011-b137-ec9d9c7d7f12] activerecord (5.0.7) lib/active_record/connection_adapters/postgresql/database_statements.rb:88:in `async_exec'
[406e8fa7-0afa-4011-b137-ec9d9c7d7f12] activerecord (5.0.7) lib/active_record/connection_adapters/postgresql/database_statements.rb:88:in `block in query'
[406e8fa7-0afa-4011-b137-ec9d9c7d7f12] activerecord (5.0.7) lib/active_record/connection_adapters/abstract_adapter.rb:590:in `block in log'
[406e8fa7-0afa-4011-b137-ec9d9c7d7f12] activesupport (5.0.7) lib/active_support/notifications/instrumenter.rb:21:in `instrument'
[406e8fa7-0afa-4011-b137-ec9d9c7d7f12] activerecord (5.0.7) lib/active_record/connection_adapters/abstract_adapter.rb:583:in `log'
[406e8fa7-0afa-4011-b137-ec9d9c7d7f12] activerecord (5.0.7) lib/active_record/connection_adapters/postgresql/database_statements.rb:87:in `query'
[406e8fa7-0afa-4011-b137-ec9d9c7d7f12] activerecord (5.0.7) lib/active_record/connection_adapters/postgresql_adapter.rb:741:in `column_definitions'
[406e8fa7-0afa-4011-b137-ec9d9c7d7f12] activerecord (5.0.7) lib/active_record/connection_adapters/postgresql/schema_statements.rb:227:in `columns'
[406e8fa7-0afa-4011-b137-ec9d9c7d7f12] activerecord (5.0.7) lib/active_record/connection_adapters/schema_cache.rb:56:in `columns'
[406e8fa7-0afa-4011-b137-ec9d9c7d7f12] activerecord (5.0.7) lib/active_record/connection_adapters/schema_cache.rb:62:in `columns_hash'
[406e8fa7-0afa-4011-b137-ec9d9c7d7f12] activerecord (5.0.7) lib/active_record/model_schema.rb:462:in `load_schema!'
[406e8fa7-0afa-4011-b137-ec9d9c7d7f12] activerecord (5.0.7) lib/active_record/attributes.rb:233:in `load_schema!'
[406e8fa7-0afa-4011-b137-ec9d9c7d7f12] activerecord (5.0.7) lib/active_record/attribute_decorators.rb:28:in `load_schema!'
[406e8fa7-0afa-4011-b137-ec9d9c7d7f12] activerecord (5.0.7) lib/active_record/model_schema.rb:455:in `block in load_schema'
[406e8fa7-0afa-4011-b137-ec9d9c7d7f12] /Users/mrebola/.rvm/rubies/ruby-2.4.0/lib/ruby/2.4.0/monitor.rb:214:in `mon_synchronize'
[406e8fa7-0afa-4011-b137-ec9d9c7d7f12] activerecord (5.0.7) lib/active_record/model_schema.rb:452:in `load_schema'
[406e8fa7-0afa-4011-b137-ec9d9c7d7f12] activerecord (5.0.7) lib/active_record/model_schema.rb:353:in `attribute_types'
[406e8fa7-0afa-4011-b137-ec9d9c7d7f12] activerecord (5.0.7) lib/active_record/attribute_methods.rb:179:in `has_attribute?'
[406e8fa7-0afa-4011-b137-ec9d9c7d7f12] activerecord (5.0.7) lib/active_record/inheritance.rb:54:in `new'
[406e8fa7-0afa-4011-b137-ec9d9c7d7f12] devise (4.5.0) app/controllers/devise/sessions_controller.rb:11:in `new'
[406e8fa7-0afa-4011-b137-ec9d9c7d7f12] actionpack (5.0.7) lib/action_controller/metal/basic_implicit_render.rb:4:in `send_action'
[406e8fa7-0afa-4011-b137-ec9d9c7d7f12] actionpack (5.0.7) lib/abstract_controller/base.rb:188:in `process_action'
[406e8fa7-0afa-4011-b137-ec9d9c7d7f12] actionpack (5.0.7) lib/action_controller/metal/rendering.rb:30:in `process_action'
[406e8fa7-0afa-4011-b137-ec9d9c7d7f12] actionpack (5.0.7) lib/abstract_controller/callbacks.rb:20:in `block in process_action'
[406e8fa7-0afa-4011-b137-ec9d9c7d7f12] activesupport (5.0.7) lib/active_support/callbacks.rb:126:in `call'
[406e8fa7-0afa-4011-b137-ec9d9c7d7f12] activesupport (5.0.7) lib/active_support/callbacks.rb:506:in `block (2 levels) in compile'
[406e8fa7-0afa-4011-b137-ec9d9c7d7f12] activesupport (5.0.7) lib/active_support/callbacks.rb:455:in `call'
[406e8fa7-0afa-4011-b137-ec9d9c7d7f12] activesupport (5.0.7) lib/active_support/callbacks.rb:101:in `__run_callbacks__'
[406e8fa7-0afa-4011-b137-ec9d9c7d7f12] activesupport (5.0.7) lib/active_support/callbacks.rb:750:in `_run_process_action_callbacks'
[406e8fa7-0afa-4011-b137-ec9d9c7d7f12] activesupport (5.0.7) lib/active_support/callbacks.rb:90:in `run_callbacks'
[406e8fa7-0afa-4011-b137-ec9d9c7d7f12] actionpack (5.0.7) lib/abstract_controller/callbacks.rb:19:in `process_action'
[406e8fa7-0afa-4011-b137-ec9d9c7d7f12] actionpack (5.0.7) lib/action_controller/metal/rescue.rb:20:in `process_action'
[406e8fa7-0afa-4011-b137-ec9d9c7d7f12] actionpack (5.0.7) lib/action_controller/metal/instrumentation.rb:32:in `block in process_action'
[406e8fa7-0afa-4011-b137-ec9d9c7d7f12] activesupport (5.0.7) lib/active_support/notifications.rb:164:in `block in instrument'
[406e8fa7-0afa-4011-b137-ec9d9c7d7f12] activesupport (5.0.7) lib/active_support/notifications/instrumenter.rb:21:in `instrument'
[406e8fa7-0afa-4011-b137-ec9d9c7d7f12] activesupport (5.0.7) lib/active_support/notifications.rb:164:in `instrument'
[406e8fa7-0afa-4011-b137-ec9d9c7d7f12] actionpack (5.0.7) lib/action_controller/metal/instrumentation.rb:30:in `process_action'
[406e8fa7-0afa-4011-b137-ec9d9c7d7f12] actionpack (5.0.7) lib/action_controller/metal/params_wrapper.rb:248:in `process_action'
[406e8fa7-0afa-4011-b137-ec9d9c7d7f12] activerecord (5.0.7) lib/active_record/railties/controller_runtime.rb:18:in `process_action'
[406e8fa7-0afa-4011-b137-ec9d9c7d7f12] actionpack (5.0.7) lib/abstract_controller/base.rb:126:in `process'
[406e8fa7-0afa-4011-b137-ec9d9c7d7f12] actionview (5.0.7) lib/action_view/rendering.rb:30:in `process'
[406e8fa7-0afa-4011-b137-ec9d9c7d7f12] actionpack (5.0.7) lib/action_controller/metal.rb:190:in `dispatch'
[406e8fa7-0afa-4011-b137-ec9d9c7d7f12] actionpack (5.0.7) lib/action_controller/metal.rb:262:in `dispatch'
[406e8fa7-0afa-4011-b137-ec9d9c7d7f12] actionpack (5.0.7) lib/action_dispatch/routing/route_set.rb:50:in `dispatch'
[406e8fa7-0afa-4011-b137-ec9d9c7d7f12] actionpack (5.0.7) lib/action_dispatch/routing/route_set.rb:32:in `serve'
[406e8fa7-0afa-4011-b137-ec9d9c7d7f12] actionpack (5.0.7) lib/action_dispatch/routing/mapper.rb:16:in `block in <class:Constraints>'
[406e8fa7-0afa-4011-b137-ec9d9c7d7f12] actionpack (5.0.7) lib/action_dispatch/routing/mapper.rb:46:in `serve'
[406e8fa7-0afa-4011-b137-ec9d9c7d7f12] actionpack (5.0.7) lib/action_dispatch/journey/router.rb:39:in `block in serve'
[406e8fa7-0afa-4011-b137-ec9d9c7d7f12] actionpack (5.0.7) lib/action_dispatch/journey/router.rb:26:in `each'
[406e8fa7-0afa-4011-b137-ec9d9c7d7f12] actionpack (5.0.7) lib/action_dispatch/journey/router.rb:26:in `serve'
[406e8fa7-0afa-4011-b137-ec9d9c7d7f12] actionpack (5.0.7) lib/action_dispatch/routing/route_set.rb:727:in `call'
[406e8fa7-0afa-4011-b137-ec9d9c7d7f12] warden (1.2.7) lib/warden/manager.rb:36:in `block in call'
[406e8fa7-0afa-4011-b137-ec9d9c7d7f12] warden (1.2.7) lib/warden/manager.rb:35:in `catch'
[406e8fa7-0afa-4011-b137-ec9d9c7d7f12] warden (1.2.7) lib/warden/manager.rb:35:in `call'
[406e8fa7-0afa-4011-b137-ec9d9c7d7f12] rack (2.0.5) lib/rack/etag.rb:25:in `call'
[406e8fa7-0afa-4011-b137-ec9d9c7d7f12] rack (2.0.5) lib/rack/conditional_get.rb:25:in `call'
[406e8fa7-0afa-4011-b137-ec9d9c7d7f12] rack (2.0.5) lib/rack/head.rb:12:in `call'
[406e8fa7-0afa-4011-b137-ec9d9c7d7f12] rack (2.0.5) lib/rack/session/abstract/id.rb:232:in `context'
[406e8fa7-0afa-4011-b137-ec9d9c7d7f12] rack (2.0.5) lib/rack/session/abstract/id.rb:226:in `call'
[406e8fa7-0afa-4011-b137-ec9d9c7d7f12] actionpack (5.0.7) lib/action_dispatch/middleware/cookies.rb:613:in `call'
[406e8fa7-0afa-4011-b137-ec9d9c7d7f12] actionpack (5.0.7) lib/action_dispatch/middleware/callbacks.rb:38:in `block in call'
[406e8fa7-0afa-4011-b137-ec9d9c7d7f12] activesupport (5.0.7) lib/active_support/callbacks.rb:97:in `__run_callbacks__'
[406e8fa7-0afa-4011-b137-ec9d9c7d7f12] activesupport (5.0.7) lib/active_support/callbacks.rb:750:in `_run_call_callbacks'
[406e8fa7-0afa-4011-b137-ec9d9c7d7f12] activesupport (5.0.7) lib/active_support/callbacks.rb:90:in `run_callbacks'
[406e8fa7-0afa-4011-b137-ec9d9c7d7f12] actionpack (5.0.7) lib/action_dispatch/middleware/callbacks.rb:36:in `call'
[406e8fa7-0afa-4011-b137-ec9d9c7d7f12] actionpack (5.0.7) lib/action_dispatch/middleware/remote_ip.rb:79:in `call'
[406e8fa7-0afa-4011-b137-ec9d9c7d7f12] actionpack (5.0.7) lib/action_dispatch/middleware/debug_exceptions.rb:49:in `call'
[406e8fa7-0afa-4011-b137-ec9d9c7d7f12] actionpack (5.0.7) lib/action_dispatch/middleware/show_exceptions.rb:31:in `call'
[406e8fa7-0afa-4011-b137-ec9d9c7d7f12] railties (5.0.7) lib/rails/rack/logger.rb:36:in `call_app'
[406e8fa7-0afa-4011-b137-ec9d9c7d7f12] railties (5.0.7) lib/rails/rack/logger.rb:24:in `block in call'
[406e8fa7-0afa-4011-b137-ec9d9c7d7f12] activesupport (5.0.7) lib/active_support/tagged_logging.rb:69:in `block in tagged'
[406e8fa7-0afa-4011-b137-ec9d9c7d7f12] activesupport (5.0.7) lib/active_support/tagged_logging.rb:26:in `tagged'
[406e8fa7-0afa-4011-b137-ec9d9c7d7f12] activesupport (5.0.7) lib/active_support/tagged_logging.rb:69:in `tagged'
[406e8fa7-0afa-4011-b137-ec9d9c7d7f12] railties (5.0.7) lib/rails/rack/logger.rb:24:in `call'
[406e8fa7-0afa-4011-b137-ec9d9c7d7f12] sprockets-rails (3.2.1) lib/sprockets/rails/quiet_assets.rb:13:in `call'
[406e8fa7-0afa-4011-b137-ec9d9c7d7f12] actionpack (5.0.7) lib/action_dispatch/middleware/request_id.rb:24:in `call'
[406e8fa7-0afa-4011-b137-ec9d9c7d7f12] rack (2.0.5) lib/rack/method_override.rb:22:in `call'
[406e8fa7-0afa-4011-b137-ec9d9c7d7f12] rack (2.0.5) lib/rack/runtime.rb:22:in `call'
[406e8fa7-0afa-4011-b137-ec9d9c7d7f12] activesupport (5.0.7) lib/active_support/cache/strategy/local_cache_middleware.rb:28:in `call'
[406e8fa7-0afa-4011-b137-ec9d9c7d7f12] actionpack (5.0.7) lib/action_dispatch/middleware/executor.rb:12:in `call'
[406e8fa7-0afa-4011-b137-ec9d9c7d7f12] actionpack (5.0.7) lib/action_dispatch/middleware/static.rb:136:in `call'
[406e8fa7-0afa-4011-b137-ec9d9c7d7f12] rack (2.0.5) lib/rack/sendfile.rb:111:in `call'
[406e8fa7-0afa-4011-b137-ec9d9c7d7f12] railties (5.0.7) lib/rails/engine.rb:522:in `call'
[406e8fa7-0afa-4011-b137-ec9d9c7d7f12] puma (3.12.0) lib/puma/configuration.rb:225:in `call'
[406e8fa7-0afa-4011-b137-ec9d9c7d7f12] puma (3.12.0) lib/puma/server.rb:658:in `handle_request'
[406e8fa7-0afa-4011-b137-ec9d9c7d7f12] puma (3.12.0) lib/puma/server.rb:472:in `process_client'
[406e8fa7-0afa-4011-b137-ec9d9c7d7f12] puma (3.12.0) lib/puma/server.rb:332:in `block in run'
[406e8fa7-0afa-4011-b137-ec9d9c7d7f12] puma (3.12.0) lib/puma/thread_pool.rb:133:in `block in spawn_thread'
I, [2018-10-29T18:19:00.563646 #23932]  INFO -- : [67bdb05c-dfac-41d8-852f-810c080e3dcb] Started GET "/" for 127.0.0.1 at 2018-10-29 18:19:00 +0000
I, [2018-10-29T18:19:00.564148 #23932]  INFO -- : [67bdb05c-dfac-41d8-852f-810c080e3dcb] Processing by ChallengesController#index as HTML
I, [2018-10-29T18:19:00.564711 #23932]  INFO -- : [67bdb05c-dfac-41d8-852f-810c080e3dcb] Completed 401 Unauthorized in 0ms (ActiveRecord: 0.0ms)
I, [2018-10-29T18:19:00.568278 #23932]  INFO -- : [3582697b-b728-456e-9b4f-4f3b289e049b] Started GET "/users/sign_in" for 127.0.0.1 at 2018-10-29 18:19:00 +0000
I, [2018-10-29T18:19:00.568735 #23932]  INFO -- : [3582697b-b728-456e-9b4f-4f3b289e049b] Processing by SessionsController#new as HTML
I, [2018-10-29T18:19:00.570953 #23932]  INFO -- : [3582697b-b728-456e-9b4f-4f3b289e049b] Completed 500 Internal Server Error in 2ms (ActiveRecord: 0.7ms)
F, [2018-10-29T18:19:00.572028 #23932] FATAL -- : [3582697b-b728-456e-9b4f-4f3b289e049b]   
F, [2018-10-29T18:19:00.572064 #23932] FATAL -- : [3582697b-b728-456e-9b4f-4f3b289e049b] ActiveRecord::StatementInvalid (PG::UndefinedTable: ERROR:  relation "users" does not exist
LINE 8:                WHERE a.attrelid = '"users"'::regclass
                                          ^
:               SELECT a.attname, format_type(a.atttypid, a.atttypmod),
                     pg_get_expr(d.adbin, d.adrelid), a.attnotnull, a.atttypid, a.atttypmod,
             (SELECT c.collname FROM pg_collation c, pg_type t
               WHERE c.oid = a.attcollation AND t.oid = a.atttypid AND a.attcollation <> t.typcollation),
                     col_description(a.attrelid, a.attnum) AS comment
                FROM pg_attribute a LEFT JOIN pg_attrdef d
                  ON a.attrelid = d.adrelid AND a.attnum = d.adnum
               WHERE a.attrelid = '"users"'::regclass
                 AND a.attnum > 0 AND NOT a.attisdropped
               ORDER BY a.attnum
):
F, [2018-10-29T18:19:00.572110 #23932] FATAL -- : [3582697b-b728-456e-9b4f-4f3b289e049b]   
F, [2018-10-29T18:19:00.572148 #23932] FATAL -- : [3582697b-b728-456e-9b4f-4f3b289e049b] activerecord (5.0.7) lib/active_record/connection_adapters/postgresql/database_statements.rb:88:in `async_exec'
[3582697b-b728-456e-9b4f-4f3b289e049b] activerecord (5.0.7) lib/active_record/connection_adapters/postgresql/database_statements.rb:88:in `block in query'
[3582697b-b728-456e-9b4f-4f3b289e049b] activerecord (5.0.7) lib/active_record/connection_adapters/abstract_adapter.rb:590:in `block in log'
[3582697b-b728-456e-9b4f-4f3b289e049b] activesupport (5.0.7) lib/active_support/notifications/instrumenter.rb:21:in `instrument'
[3582697b-b728-456e-9b4f-4f3b289e049b] activerecord (5.0.7) lib/active_record/connection_adapters/abstract_adapter.rb:583:in `log'
[3582697b-b728-456e-9b4f-4f3b289e049b] activerecord (5.0.7) lib/active_record/connection_adapters/postgresql/database_statements.rb:87:in `query'
[3582697b-b728-456e-9b4f-4f3b289e049b] activerecord (5.0.7) lib/active_record/connection_adapters/postgresql_adapter.rb:741:in `column_definitions'
[3582697b-b728-456e-9b4f-4f3b289e049b] activerecord (5.0.7) lib/active_record/connection_adapters/postgresql/schema_statements.rb:227:in `columns'
[3582697b-b728-456e-9b4f-4f3b289e049b] activerecord (5.0.7) lib/active_record/connection_adapters/schema_cache.rb:56:in `columns'
[3582697b-b728-456e-9b4f-4f3b289e049b] activerecord (5.0.7) lib/active_record/connection_adapters/schema_cache.rb:62:in `columns_hash'
[3582697b-b728-456e-9b4f-4f3b289e049b] activerecord (5.0.7) lib/active_record/model_schema.rb:462:in `load_schema!'
[3582697b-b728-456e-9b4f-4f3b289e049b] activerecord (5.0.7) lib/active_record/attributes.rb:233:in `load_schema!'
[3582697b-b728-456e-9b4f-4f3b289e049b] activerecord (5.0.7) lib/active_record/attribute_decorators.rb:28:in `load_schema!'
[3582697b-b728-456e-9b4f-4f3b289e049b] activerecord (5.0.7) lib/active_record/model_schema.rb:455:in `block in load_schema'
[3582697b-b728-456e-9b4f-4f3b289e049b] /Users/mrebola/.rvm/rubies/ruby-2.4.0/lib/ruby/2.4.0/monitor.rb:214:in `mon_synchronize'
[3582697b-b728-456e-9b4f-4f3b289e049b] activerecord (5.0.7) lib/active_record/model_schema.rb:452:in `load_schema'
[3582697b-b728-456e-9b4f-4f3b289e049b] activerecord (5.0.7) lib/active_record/model_schema.rb:353:in `attribute_types'
[3582697b-b728-456e-9b4f-4f3b289e049b] activerecord (5.0.7) lib/active_record/attribute_methods.rb:179:in `has_attribute?'
[3582697b-b728-456e-9b4f-4f3b289e049b] activerecord (5.0.7) lib/active_record/inheritance.rb:54:in `new'
[3582697b-b728-456e-9b4f-4f3b289e049b] devise (4.5.0) app/controllers/devise/sessions_controller.rb:11:in `new'
[3582697b-b728-456e-9b4f-4f3b289e049b] actionpack (5.0.7) lib/action_controller/metal/basic_implicit_render.rb:4:in `send_action'
[3582697b-b728-456e-9b4f-4f3b289e049b] actionpack (5.0.7) lib/abstract_controller/base.rb:188:in `process_action'
[3582697b-b728-456e-9b4f-4f3b289e049b] actionpack (5.0.7) lib/action_controller/metal/rendering.rb:30:in `process_action'
[3582697b-b728-456e-9b4f-4f3b289e049b] actionpack (5.0.7) lib/abstract_controller/callbacks.rb:20:in `block in process_action'
[3582697b-b728-456e-9b4f-4f3b289e049b] activesupport (5.0.7) lib/active_support/callbacks.rb:126:in `call'
[3582697b-b728-456e-9b4f-4f3b289e049b] activesupport (5.0.7) lib/active_support/callbacks.rb:506:in `block (2 levels) in compile'
[3582697b-b728-456e-9b4f-4f3b289e049b] activesupport (5.0.7) lib/active_support/callbacks.rb:455:in `call'
[3582697b-b728-456e-9b4f-4f3b289e049b] activesupport (5.0.7) lib/active_support/callbacks.rb:101:in `__run_callbacks__'
[3582697b-b728-456e-9b4f-4f3b289e049b] activesupport (5.0.7) lib/active_support/callbacks.rb:750:in `_run_process_action_callbacks'
[3582697b-b728-456e-9b4f-4f3b289e049b] activesupport (5.0.7) lib/active_support/callbacks.rb:90:in `run_callbacks'
[3582697b-b728-456e-9b4f-4f3b289e049b] actionpack (5.0.7) lib/abstract_controller/callbacks.rb:19:in `process_action'
[3582697b-b728-456e-9b4f-4f3b289e049b] actionpack (5.0.7) lib/action_controller/metal/rescue.rb:20:in `process_action'
[3582697b-b728-456e-9b4f-4f3b289e049b] actionpack (5.0.7) lib/action_controller/metal/instrumentation.rb:32:in `block in process_action'
[3582697b-b728-456e-9b4f-4f3b289e049b] activesupport (5.0.7) lib/active_support/notifications.rb:164:in `block in instrument'
[3582697b-b728-456e-9b4f-4f3b289e049b] activesupport (5.0.7) lib/active_support/notifications/instrumenter.rb:21:in `instrument'
[3582697b-b728-456e-9b4f-4f3b289e049b] activesupport (5.0.7) lib/active_support/notifications.rb:164:in `instrument'
[3582697b-b728-456e-9b4f-4f3b289e049b] actionpack (5.0.7) lib/action_controller/metal/instrumentation.rb:30:in `process_action'
[3582697b-b728-456e-9b4f-4f3b289e049b] actionpack (5.0.7) lib/action_controller/metal/params_wrapper.rb:248:in `process_action'
[3582697b-b728-456e-9b4f-4f3b289e049b] activerecord (5.0.7) lib/active_record/railties/controller_runtime.rb:18:in `process_action'
[3582697b-b728-456e-9b4f-4f3b289e049b] actionpack (5.0.7) lib/abstract_controller/base.rb:126:in `process'
[3582697b-b728-456e-9b4f-4f3b289e049b] actionview (5.0.7) lib/action_view/rendering.rb:30:in `process'
[3582697b-b728-456e-9b4f-4f3b289e049b] actionpack (5.0.7) lib/action_controller/metal.rb:190:in `dispatch'
[3582697b-b728-456e-9b4f-4f3b289e049b] actionpack (5.0.7) lib/action_controller/metal.rb:262:in `dispatch'
[3582697b-b728-456e-9b4f-4f3b289e049b] actionpack (5.0.7) lib/action_dispatch/routing/route_set.rb:50:in `dispatch'
[3582697b-b728-456e-9b4f-4f3b289e049b] actionpack (5.0.7) lib/action_dispatch/routing/route_set.rb:32:in `serve'
[3582697b-b728-456e-9b4f-4f3b289e049b] actionpack (5.0.7) lib/action_dispatch/routing/mapper.rb:16:in `block in <class:Constraints>'
[3582697b-b728-456e-9b4f-4f3b289e049b] actionpack (5.0.7) lib/action_dispatch/routing/mapper.rb:46:in `serve'
[3582697b-b728-456e-9b4f-4f3b289e049b] actionpack (5.0.7) lib/action_dispatch/journey/router.rb:39:in `block in serve'
[3582697b-b728-456e-9b4f-4f3b289e049b] actionpack (5.0.7) lib/action_dispatch/journey/router.rb:26:in `each'
[3582697b-b728-456e-9b4f-4f3b289e049b] actionpack (5.0.7) lib/action_dispatch/journey/router.rb:26:in `serve'
[3582697b-b728-456e-9b4f-4f3b289e049b] actionpack (5.0.7) lib/action_dispatch/routing/route_set.rb:727:in `call'
[3582697b-b728-456e-9b4f-4f3b289e049b] warden (1.2.7) lib/warden/manager.rb:36:in `block in call'
[3582697b-b728-456e-9b4f-4f3b289e049b] warden (1.2.7) lib/warden/manager.rb:35:in `catch'
[3582697b-b728-456e-9b4f-4f3b289e049b] warden (1.2.7) lib/warden/manager.rb:35:in `call'
[3582697b-b728-456e-9b4f-4f3b289e049b] rack (2.0.5) lib/rack/etag.rb:25:in `call'
[3582697b-b728-456e-9b4f-4f3b289e049b] rack (2.0.5) lib/rack/conditional_get.rb:25:in `call'
[3582697b-b728-456e-9b4f-4f3b289e049b] rack (2.0.5) lib/rack/head.rb:12:in `call'
[3582697b-b728-456e-9b4f-4f3b289e049b] rack (2.0.5) lib/rack/session/abstract/id.rb:232:in `context'
[3582697b-b728-456e-9b4f-4f3b289e049b] rack (2.0.5) lib/rack/session/abstract/id.rb:226:in `call'
[3582697b-b728-456e-9b4f-4f3b289e049b] actionpack (5.0.7) lib/action_dispatch/middleware/cookies.rb:613:in `call'
[3582697b-b728-456e-9b4f-4f3b289e049b] actionpack (5.0.7) lib/action_dispatch/middleware/callbacks.rb:38:in `block in call'
[3582697b-b728-456e-9b4f-4f3b289e049b] activesupport (5.0.7) lib/active_support/callbacks.rb:97:in `__run_callbacks__'
[3582697b-b728-456e-9b4f-4f3b289e049b] activesupport (5.0.7) lib/active_support/callbacks.rb:750:in `_run_call_callbacks'
[3582697b-b728-456e-9b4f-4f3b289e049b] activesupport (5.0.7) lib/active_support/callbacks.rb:90:in `run_callbacks'
[3582697b-b728-456e-9b4f-4f3b289e049b] actionpack (5.0.7) lib/action_dispatch/middleware/callbacks.rb:36:in `call'
[3582697b-b728-456e-9b4f-4f3b289e049b] actionpack (5.0.7) lib/action_dispatch/middleware/remote_ip.rb:79:in `call'
[3582697b-b728-456e-9b4f-4f3b289e049b] actionpack (5.0.7) lib/action_dispatch/middleware/debug_exceptions.rb:49:in `call'
[3582697b-b728-456e-9b4f-4f3b289e049b] actionpack (5.0.7) lib/action_dispatch/middleware/show_exceptions.rb:31:in `call'
[3582697b-b728-456e-9b4f-4f3b289e049b] railties (5.0.7) lib/rails/rack/logger.rb:36:in `call_app'
[3582697b-b728-456e-9b4f-4f3b289e049b] railties (5.0.7) lib/rails/rack/logger.rb:24:in `block in call'
[3582697b-b728-456e-9b4f-4f3b289e049b] activesupport (5.0.7) lib/active_support/tagged_logging.rb:69:in `block in tagged'
[3582697b-b728-456e-9b4f-4f3b289e049b] activesupport (5.0.7) lib/active_support/tagged_logging.rb:26:in `tagged'
[3582697b-b728-456e-9b4f-4f3b289e049b] activesupport (5.0.7) lib/active_support/tagged_logging.rb:69:in `tagged'
[3582697b-b728-456e-9b4f-4f3b289e049b] railties (5.0.7) lib/rails/rack/logger.rb:24:in `call'
[3582697b-b728-456e-9b4f-4f3b289e049b] sprockets-rails (3.2.1) lib/sprockets/rails/quiet_assets.rb:13:in `call'
[3582697b-b728-456e-9b4f-4f3b289e049b] actionpack (5.0.7) lib/action_dispatch/middleware/request_id.rb:24:in `call'
[3582697b-b728-456e-9b4f-4f3b289e049b] rack (2.0.5) lib/rack/method_override.rb:22:in `call'
[3582697b-b728-456e-9b4f-4f3b289e049b] rack (2.0.5) lib/rack/runtime.rb:22:in `call'
[3582697b-b728-456e-9b4f-4f3b289e049b] activesupport (5.0.7) lib/active_support/cache/strategy/local_cache_middleware.rb:28:in `call'
[3582697b-b728-456e-9b4f-4f3b289e049b] actionpack (5.0.7) lib/action_dispatch/middleware/executor.rb:12:in `call'
[3582697b-b728-456e-9b4f-4f3b289e049b] actionpack (5.0.7) lib/action_dispatch/middleware/static.rb:136:in `call'
[3582697b-b728-456e-9b4f-4f3b289e049b] rack (2.0.5) lib/rack/sendfile.rb:111:in `call'
[3582697b-b728-456e-9b4f-4f3b289e049b] railties (5.0.7) lib/rails/engine.rb:522:in `call'
[3582697b-b728-456e-9b4f-4f3b289e049b] puma (3.12.0) lib/puma/configuration.rb:225:in `call'
[3582697b-b728-456e-9b4f-4f3b289e049b] puma (3.12.0) lib/puma/server.rb:658:in `handle_request'
[3582697b-b728-456e-9b4f-4f3b289e049b] puma (3.12.0) lib/puma/server.rb:472:in `process_client'
[3582697b-b728-456e-9b4f-4f3b289e049b] puma (3.12.0) lib/puma/server.rb:332:in `block in run'
[3582697b-b728-456e-9b4f-4f3b289e049b] puma (3.12.0) lib/puma/thread_pool.rb:133:in `block in spawn_thread'
W, [2018-10-29T18:19:55.810444 #24357]  WARN -- : Creating scope :approved. Overwriting existing method Comment.approved.
W, [2018-10-29T18:19:55.810758 #24357]  WARN -- : Creating scope :removed. Overwriting existing method Comment.removed.
W, [2018-10-29T18:19:55.810827 #24357]  WARN -- : Creating scope :pending. Overwriting existing method Comment.pending.
I, [2018-10-29T18:19:59.595399 #24357]  INFO -- : [6de01f2a-1dd2-4882-bddd-30b3abb1eced] Started GET "/users/sign_in" for 127.0.0.1 at 2018-10-29 18:19:59 +0000
I, [2018-10-29T18:19:59.619288 #24357]  INFO -- : [6de01f2a-1dd2-4882-bddd-30b3abb1eced] Processing by SessionsController#new as HTML
I, [2018-10-29T18:19:59.702909 #24357]  INFO -- : [6de01f2a-1dd2-4882-bddd-30b3abb1eced] Completed 500 Internal Server Error in 83ms (ActiveRecord: 8.8ms)
F, [2018-10-29T18:19:59.703938 #24357] FATAL -- : [6de01f2a-1dd2-4882-bddd-30b3abb1eced]   
F, [2018-10-29T18:19:59.703978 #24357] FATAL -- : [6de01f2a-1dd2-4882-bddd-30b3abb1eced] ActiveRecord::StatementInvalid (PG::UndefinedTable: ERROR:  relation "users" does not exist
LINE 8:                WHERE a.attrelid = '"users"'::regclass
                                          ^
:               SELECT a.attname, format_type(a.atttypid, a.atttypmod),
                     pg_get_expr(d.adbin, d.adrelid), a.attnotnull, a.atttypid, a.atttypmod,
             (SELECT c.collname FROM pg_collation c, pg_type t
               WHERE c.oid = a.attcollation AND t.oid = a.atttypid AND a.attcollation <> t.typcollation),
                     col_description(a.attrelid, a.attnum) AS comment
                FROM pg_attribute a LEFT JOIN pg_attrdef d
                  ON a.attrelid = d.adrelid AND a.attnum = d.adnum
               WHERE a.attrelid = '"users"'::regclass
                 AND a.attnum > 0 AND NOT a.attisdropped
               ORDER BY a.attnum
):
F, [2018-10-29T18:19:59.704034 #24357] FATAL -- : [6de01f2a-1dd2-4882-bddd-30b3abb1eced]   
F, [2018-10-29T18:19:59.704071 #24357] FATAL -- : [6de01f2a-1dd2-4882-bddd-30b3abb1eced] activerecord (5.0.7) lib/active_record/connection_adapters/postgresql/database_statements.rb:88:in `async_exec'
[6de01f2a-1dd2-4882-bddd-30b3abb1eced] activerecord (5.0.7) lib/active_record/connection_adapters/postgresql/database_statements.rb:88:in `block in query'
[6de01f2a-1dd2-4882-bddd-30b3abb1eced] activerecord (5.0.7) lib/active_record/connection_adapters/abstract_adapter.rb:590:in `block in log'
[6de01f2a-1dd2-4882-bddd-30b3abb1eced] activesupport (5.0.7) lib/active_support/notifications/instrumenter.rb:21:in `instrument'
[6de01f2a-1dd2-4882-bddd-30b3abb1eced] activerecord (5.0.7) lib/active_record/connection_adapters/abstract_adapter.rb:583:in `log'
[6de01f2a-1dd2-4882-bddd-30b3abb1eced] activerecord (5.0.7) lib/active_record/connection_adapters/postgresql/database_statements.rb:87:in `query'
[6de01f2a-1dd2-4882-bddd-30b3abb1eced] activerecord (5.0.7) lib/active_record/connection_adapters/postgresql_adapter.rb:741:in `column_definitions'
[6de01f2a-1dd2-4882-bddd-30b3abb1eced] activerecord (5.0.7) lib/active_record/connection_adapters/postgresql/schema_statements.rb:227:in `columns'
[6de01f2a-1dd2-4882-bddd-30b3abb1eced] activerecord (5.0.7) lib/active_record/connection_adapters/schema_cache.rb:56:in `columns'
[6de01f2a-1dd2-4882-bddd-30b3abb1eced] activerecord (5.0.7) lib/active_record/connection_adapters/schema_cache.rb:62:in `columns_hash'
[6de01f2a-1dd2-4882-bddd-30b3abb1eced] activerecord (5.0.7) lib/active_record/model_schema.rb:462:in `load_schema!'
[6de01f2a-1dd2-4882-bddd-30b3abb1eced] activerecord (5.0.7) lib/active_record/attributes.rb:233:in `load_schema!'
[6de01f2a-1dd2-4882-bddd-30b3abb1eced] activerecord (5.0.7) lib/active_record/attribute_decorators.rb:28:in `load_schema!'
[6de01f2a-1dd2-4882-bddd-30b3abb1eced] activerecord (5.0.7) lib/active_record/model_schema.rb:455:in `block in load_schema'
[6de01f2a-1dd2-4882-bddd-30b3abb1eced] /Users/mrebola/.rvm/rubies/ruby-2.4.0/lib/ruby/2.4.0/monitor.rb:214:in `mon_synchronize'
[6de01f2a-1dd2-4882-bddd-30b3abb1eced] activerecord (5.0.7) lib/active_record/model_schema.rb:452:in `load_schema'
[6de01f2a-1dd2-4882-bddd-30b3abb1eced] activerecord (5.0.7) lib/active_record/model_schema.rb:353:in `attribute_types'
[6de01f2a-1dd2-4882-bddd-30b3abb1eced] activerecord (5.0.7) lib/active_record/attribute_methods.rb:179:in `has_attribute?'
[6de01f2a-1dd2-4882-bddd-30b3abb1eced] activerecord (5.0.7) lib/active_record/inheritance.rb:54:in `new'
[6de01f2a-1dd2-4882-bddd-30b3abb1eced] devise (4.5.0) app/controllers/devise/sessions_controller.rb:11:in `new'
[6de01f2a-1dd2-4882-bddd-30b3abb1eced] actionpack (5.0.7) lib/action_controller/metal/basic_implicit_render.rb:4:in `send_action'
[6de01f2a-1dd2-4882-bddd-30b3abb1eced] actionpack (5.0.7) lib/abstract_controller/base.rb:188:in `process_action'
[6de01f2a-1dd2-4882-bddd-30b3abb1eced] actionpack (5.0.7) lib/action_controller/metal/rendering.rb:30:in `process_action'
[6de01f2a-1dd2-4882-bddd-30b3abb1eced] actionpack (5.0.7) lib/abstract_controller/callbacks.rb:20:in `block in process_action'
[6de01f2a-1dd2-4882-bddd-30b3abb1eced] activesupport (5.0.7) lib/active_support/callbacks.rb:126:in `call'
[6de01f2a-1dd2-4882-bddd-30b3abb1eced] activesupport (5.0.7) lib/active_support/callbacks.rb:506:in `block (2 levels) in compile'
[6de01f2a-1dd2-4882-bddd-30b3abb1eced] activesupport (5.0.7) lib/active_support/callbacks.rb:455:in `call'
[6de01f2a-1dd2-4882-bddd-30b3abb1eced] activesupport (5.0.7) lib/active_support/callbacks.rb:101:in `__run_callbacks__'
[6de01f2a-1dd2-4882-bddd-30b3abb1eced] activesupport (5.0.7) lib/active_support/callbacks.rb:750:in `_run_process_action_callbacks'
[6de01f2a-1dd2-4882-bddd-30b3abb1eced] activesupport (5.0.7) lib/active_support/callbacks.rb:90:in `run_callbacks'
[6de01f2a-1dd2-4882-bddd-30b3abb1eced] actionpack (5.0.7) lib/abstract_controller/callbacks.rb:19:in `process_action'
[6de01f2a-1dd2-4882-bddd-30b3abb1eced] actionpack (5.0.7) lib/action_controller/metal/rescue.rb:20:in `process_action'
[6de01f2a-1dd2-4882-bddd-30b3abb1eced] actionpack (5.0.7) lib/action_controller/metal/instrumentation.rb:32:in `block in process_action'
[6de01f2a-1dd2-4882-bddd-30b3abb1eced] activesupport (5.0.7) lib/active_support/notifications.rb:164:in `block in instrument'
[6de01f2a-1dd2-4882-bddd-30b3abb1eced] activesupport (5.0.7) lib/active_support/notifications/instrumenter.rb:21:in `instrument'
[6de01f2a-1dd2-4882-bddd-30b3abb1eced] activesupport (5.0.7) lib/active_support/notifications.rb:164:in `instrument'
[6de01f2a-1dd2-4882-bddd-30b3abb1eced] actionpack (5.0.7) lib/action_controller/metal/instrumentation.rb:30:in `process_action'
[6de01f2a-1dd2-4882-bddd-30b3abb1eced] actionpack (5.0.7) lib/action_controller/metal/params_wrapper.rb:248:in `process_action'
[6de01f2a-1dd2-4882-bddd-30b3abb1eced] activerecord (5.0.7) lib/active_record/railties/controller_runtime.rb:18:in `process_action'
[6de01f2a-1dd2-4882-bddd-30b3abb1eced] actionpack (5.0.7) lib/abstract_controller/base.rb:126:in `process'
[6de01f2a-1dd2-4882-bddd-30b3abb1eced] actionview (5.0.7) lib/action_view/rendering.rb:30:in `process'
[6de01f2a-1dd2-4882-bddd-30b3abb1eced] actionpack (5.0.7) lib/action_controller/metal.rb:190:in `dispatch'
[6de01f2a-1dd2-4882-bddd-30b3abb1eced] actionpack (5.0.7) lib/action_controller/metal.rb:262:in `dispatch'
[6de01f2a-1dd2-4882-bddd-30b3abb1eced] actionpack (5.0.7) lib/action_dispatch/routing/route_set.rb:50:in `dispatch'
[6de01f2a-1dd2-4882-bddd-30b3abb1eced] actionpack (5.0.7) lib/action_dispatch/routing/route_set.rb:32:in `serve'
[6de01f2a-1dd2-4882-bddd-30b3abb1eced] actionpack (5.0.7) lib/action_dispatch/routing/mapper.rb:16:in `block in <class:Constraints>'
[6de01f2a-1dd2-4882-bddd-30b3abb1eced] actionpack (5.0.7) lib/action_dispatch/routing/mapper.rb:46:in `serve'
[6de01f2a-1dd2-4882-bddd-30b3abb1eced] actionpack (5.0.7) lib/action_dispatch/journey/router.rb:39:in `block in serve'
[6de01f2a-1dd2-4882-bddd-30b3abb1eced] actionpack (5.0.7) lib/action_dispatch/journey/router.rb:26:in `each'
[6de01f2a-1dd2-4882-bddd-30b3abb1eced] actionpack (5.0.7) lib/action_dispatch/journey/router.rb:26:in `serve'
[6de01f2a-1dd2-4882-bddd-30b3abb1eced] actionpack (5.0.7) lib/action_dispatch/routing/route_set.rb:727:in `call'
[6de01f2a-1dd2-4882-bddd-30b3abb1eced] warden (1.2.7) lib/warden/manager.rb:36:in `block in call'
[6de01f2a-1dd2-4882-bddd-30b3abb1eced] warden (1.2.7) lib/warden/manager.rb:35:in `catch'
[6de01f2a-1dd2-4882-bddd-30b3abb1eced] warden (1.2.7) lib/warden/manager.rb:35:in `call'
[6de01f2a-1dd2-4882-bddd-30b3abb1eced] rack (2.0.5) lib/rack/etag.rb:25:in `call'
[6de01f2a-1dd2-4882-bddd-30b3abb1eced] rack (2.0.5) lib/rack/conditional_get.rb:25:in `call'
[6de01f2a-1dd2-4882-bddd-30b3abb1eced] rack (2.0.5) lib/rack/head.rb:12:in `call'
[6de01f2a-1dd2-4882-bddd-30b3abb1eced] rack (2.0.5) lib/rack/session/abstract/id.rb:232:in `context'
[6de01f2a-1dd2-4882-bddd-30b3abb1eced] rack (2.0.5) lib/rack/session/abstract/id.rb:226:in `call'
[6de01f2a-1dd2-4882-bddd-30b3abb1eced] actionpack (5.0.7) lib/action_dispatch/middleware/cookies.rb:613:in `call'
[6de01f2a-1dd2-4882-bddd-30b3abb1eced] actionpack (5.0.7) lib/action_dispatch/middleware/callbacks.rb:38:in `block in call'
[6de01f2a-1dd2-4882-bddd-30b3abb1eced] activesupport (5.0.7) lib/active_support/callbacks.rb:97:in `__run_callbacks__'
[6de01f2a-1dd2-4882-bddd-30b3abb1eced] activesupport (5.0.7) lib/active_support/callbacks.rb:750:in `_run_call_callbacks'
[6de01f2a-1dd2-4882-bddd-30b3abb1eced] activesupport (5.0.7) lib/active_support/callbacks.rb:90:in `run_callbacks'
[6de01f2a-1dd2-4882-bddd-30b3abb1eced] actionpack (5.0.7) lib/action_dispatch/middleware/callbacks.rb:36:in `call'
[6de01f2a-1dd2-4882-bddd-30b3abb1eced] actionpack (5.0.7) lib/action_dispatch/middleware/remote_ip.rb:79:in `call'
[6de01f2a-1dd2-4882-bddd-30b3abb1eced] actionpack (5.0.7) lib/action_dispatch/middleware/debug_exceptions.rb:49:in `call'
[6de01f2a-1dd2-4882-bddd-30b3abb1eced] actionpack (5.0.7) lib/action_dispatch/middleware/show_exceptions.rb:31:in `call'
[6de01f2a-1dd2-4882-bddd-30b3abb1eced] railties (5.0.7) lib/rails/rack/logger.rb:36:in `call_app'
[6de01f2a-1dd2-4882-bddd-30b3abb1eced] railties (5.0.7) lib/rails/rack/logger.rb:24:in `block in call'
[6de01f2a-1dd2-4882-bddd-30b3abb1eced] activesupport (5.0.7) lib/active_support/tagged_logging.rb:69:in `block in tagged'
[6de01f2a-1dd2-4882-bddd-30b3abb1eced] activesupport (5.0.7) lib/active_support/tagged_logging.rb:26:in `tagged'
[6de01f2a-1dd2-4882-bddd-30b3abb1eced] activesupport (5.0.7) lib/active_support/tagged_logging.rb:69:in `tagged'
[6de01f2a-1dd2-4882-bddd-30b3abb1eced] railties (5.0.7) lib/rails/rack/logger.rb:24:in `call'
[6de01f2a-1dd2-4882-bddd-30b3abb1eced] sprockets-rails (3.2.1) lib/sprockets/rails/quiet_assets.rb:13:in `call'
[6de01f2a-1dd2-4882-bddd-30b3abb1eced] actionpack (5.0.7) lib/action_dispatch/middleware/request_id.rb:24:in `call'
[6de01f2a-1dd2-4882-bddd-30b3abb1eced] rack (2.0.5) lib/rack/method_override.rb:22:in `call'
[6de01f2a-1dd2-4882-bddd-30b3abb1eced] rack (2.0.5) lib/rack/runtime.rb:22:in `call'
[6de01f2a-1dd2-4882-bddd-30b3abb1eced] activesupport (5.0.7) lib/active_support/cache/strategy/local_cache_middleware.rb:28:in `call'
[6de01f2a-1dd2-4882-bddd-30b3abb1eced] actionpack (5.0.7) lib/action_dispatch/middleware/executor.rb:12:in `call'
[6de01f2a-1dd2-4882-bddd-30b3abb1eced] actionpack (5.0.7) lib/action_dispatch/middleware/static.rb:136:in `call'
[6de01f2a-1dd2-4882-bddd-30b3abb1eced] rack (2.0.5) lib/rack/sendfile.rb:111:in `call'
[6de01f2a-1dd2-4882-bddd-30b3abb1eced] railties (5.0.7) lib/rails/engine.rb:522:in `call'
[6de01f2a-1dd2-4882-bddd-30b3abb1eced] puma (3.12.0) lib/puma/configuration.rb:225:in `call'
[6de01f2a-1dd2-4882-bddd-30b3abb1eced] puma (3.12.0) lib/puma/server.rb:658:in `handle_request'
[6de01f2a-1dd2-4882-bddd-30b3abb1eced] puma (3.12.0) lib/puma/server.rb:472:in `process_client'
[6de01f2a-1dd2-4882-bddd-30b3abb1eced] puma (3.12.0) lib/puma/server.rb:332:in `block in run'
[6de01f2a-1dd2-4882-bddd-30b3abb1eced] puma (3.12.0) lib/puma/thread_pool.rb:133:in `block in spawn_thread'
I, [2018-10-29T18:20:19.531750 #24357]  INFO -- : [e3cf1b20-7ff5-42ff-bc85-aa5c97a68084] Started GET "/users/sign_in" for 127.0.0.1 at 2018-10-29 18:20:19 +0000
I, [2018-10-29T18:20:19.534672 #24357]  INFO -- : [e3cf1b20-7ff5-42ff-bc85-aa5c97a68084] Processing by SessionsController#new as HTML
I, [2018-10-29T18:20:19.577176 #24357]  INFO -- : [e3cf1b20-7ff5-42ff-bc85-aa5c97a68084] Completed 500 Internal Server Error in 42ms (ActiveRecord: 40.9ms)
F, [2018-10-29T18:20:19.578203 #24357] FATAL -- : [e3cf1b20-7ff5-42ff-bc85-aa5c97a68084]   
F, [2018-10-29T18:20:19.578256 #24357] FATAL -- : [e3cf1b20-7ff5-42ff-bc85-aa5c97a68084] ActiveRecord::StatementInvalid (PG::UndefinedTable: ERROR:  relation "users" does not exist
LINE 8:                WHERE a.attrelid = '"users"'::regclass
                                          ^
:               SELECT a.attname, format_type(a.atttypid, a.atttypmod),
                     pg_get_expr(d.adbin, d.adrelid), a.attnotnull, a.atttypid, a.atttypmod,
             (SELECT c.collname FROM pg_collation c, pg_type t
               WHERE c.oid = a.attcollation AND t.oid = a.atttypid AND a.attcollation <> t.typcollation),
                     col_description(a.attrelid, a.attnum) AS comment
                FROM pg_attribute a LEFT JOIN pg_attrdef d
                  ON a.attrelid = d.adrelid AND a.attnum = d.adnum
               WHERE a.attrelid = '"users"'::regclass
                 AND a.attnum > 0 AND NOT a.attisdropped
               ORDER BY a.attnum
):
F, [2018-10-29T18:20:19.578349 #24357] FATAL -- : [e3cf1b20-7ff5-42ff-bc85-aa5c97a68084]   
F, [2018-10-29T18:20:19.578426 #24357] FATAL -- : [e3cf1b20-7ff5-42ff-bc85-aa5c97a68084] activerecord (5.0.7) lib/active_record/connection_adapters/postgresql/database_statements.rb:88:in `async_exec'
[e3cf1b20-7ff5-42ff-bc85-aa5c97a68084] activerecord (5.0.7) lib/active_record/connection_adapters/postgresql/database_statements.rb:88:in `block in query'
[e3cf1b20-7ff5-42ff-bc85-aa5c97a68084] activerecord (5.0.7) lib/active_record/connection_adapters/abstract_adapter.rb:590:in `block in log'
[e3cf1b20-7ff5-42ff-bc85-aa5c97a68084] activesupport (5.0.7) lib/active_support/notifications/instrumenter.rb:21:in `instrument'
[e3cf1b20-7ff5-42ff-bc85-aa5c97a68084] activerecord (5.0.7) lib/active_record/connection_adapters/abstract_adapter.rb:583:in `log'
[e3cf1b20-7ff5-42ff-bc85-aa5c97a68084] activerecord (5.0.7) lib/active_record/connection_adapters/postgresql/database_statements.rb:87:in `query'
[e3cf1b20-7ff5-42ff-bc85-aa5c97a68084] activerecord (5.0.7) lib/active_record/connection_adapters/postgresql_adapter.rb:741:in `column_definitions'
[e3cf1b20-7ff5-42ff-bc85-aa5c97a68084] activerecord (5.0.7) lib/active_record/connection_adapters/postgresql/schema_statements.rb:227:in `columns'
[e3cf1b20-7ff5-42ff-bc85-aa5c97a68084] activerecord (5.0.7) lib/active_record/connection_adapters/schema_cache.rb:56:in `columns'
[e3cf1b20-7ff5-42ff-bc85-aa5c97a68084] activerecord (5.0.7) lib/active_record/connection_adapters/schema_cache.rb:62:in `columns_hash'
[e3cf1b20-7ff5-42ff-bc85-aa5c97a68084] activerecord (5.0.7) lib/active_record/model_schema.rb:462:in `load_schema!'
[e3cf1b20-7ff5-42ff-bc85-aa5c97a68084] activerecord (5.0.7) lib/active_record/attributes.rb:233:in `load_schema!'
[e3cf1b20-7ff5-42ff-bc85-aa5c97a68084] activerecord (5.0.7) lib/active_record/attribute_decorators.rb:28:in `load_schema!'
[e3cf1b20-7ff5-42ff-bc85-aa5c97a68084] activerecord (5.0.7) lib/active_record/model_schema.rb:455:in `block in load_schema'
[e3cf1b20-7ff5-42ff-bc85-aa5c97a68084] /Users/mrebola/.rvm/rubies/ruby-2.4.0/lib/ruby/2.4.0/monitor.rb:214:in `mon_synchronize'
[e3cf1b20-7ff5-42ff-bc85-aa5c97a68084] activerecord (5.0.7) lib/active_record/model_schema.rb:452:in `load_schema'
[e3cf1b20-7ff5-42ff-bc85-aa5c97a68084] activerecord (5.0.7) lib/active_record/model_schema.rb:353:in `attribute_types'
[e3cf1b20-7ff5-42ff-bc85-aa5c97a68084] activerecord (5.0.7) lib/active_record/attribute_methods.rb:179:in `has_attribute?'
[e3cf1b20-7ff5-42ff-bc85-aa5c97a68084] activerecord (5.0.7) lib/active_record/inheritance.rb:54:in `new'
[e3cf1b20-7ff5-42ff-bc85-aa5c97a68084] devise (4.5.0) app/controllers/devise/sessions_controller.rb:11:in `new'
[e3cf1b20-7ff5-42ff-bc85-aa5c97a68084] actionpack (5.0.7) lib/action_controller/metal/basic_implicit_render.rb:4:in `send_action'
[e3cf1b20-7ff5-42ff-bc85-aa5c97a68084] actionpack (5.0.7) lib/abstract_controller/base.rb:188:in `process_action'
[e3cf1b20-7ff5-42ff-bc85-aa5c97a68084] actionpack (5.0.7) lib/action_controller/metal/rendering.rb:30:in `process_action'
[e3cf1b20-7ff5-42ff-bc85-aa5c97a68084] actionpack (5.0.7) lib/abstract_controller/callbacks.rb:20:in `block in process_action'
[e3cf1b20-7ff5-42ff-bc85-aa5c97a68084] activesupport (5.0.7) lib/active_support/callbacks.rb:126:in `call'
[e3cf1b20-7ff5-42ff-bc85-aa5c97a68084] activesupport (5.0.7) lib/active_support/callbacks.rb:506:in `block (2 levels) in compile'
[e3cf1b20-7ff5-42ff-bc85-aa5c97a68084] activesupport (5.0.7) lib/active_support/callbacks.rb:455:in `call'
[e3cf1b20-7ff5-42ff-bc85-aa5c97a68084] activesupport (5.0.7) lib/active_support/callbacks.rb:101:in `__run_callbacks__'
[e3cf1b20-7ff5-42ff-bc85-aa5c97a68084] activesupport (5.0.7) lib/active_support/callbacks.rb:750:in `_run_process_action_callbacks'
[e3cf1b20-7ff5-42ff-bc85-aa5c97a68084] activesupport (5.0.7) lib/active_support/callbacks.rb:90:in `run_callbacks'
[e3cf1b20-7ff5-42ff-bc85-aa5c97a68084] actionpack (5.0.7) lib/abstract_controller/callbacks.rb:19:in `process_action'
[e3cf1b20-7ff5-42ff-bc85-aa5c97a68084] actionpack (5.0.7) lib/action_controller/metal/rescue.rb:20:in `process_action'
[e3cf1b20-7ff5-42ff-bc85-aa5c97a68084] actionpack (5.0.7) lib/action_controller/metal/instrumentation.rb:32:in `block in process_action'
[e3cf1b20-7ff5-42ff-bc85-aa5c97a68084] activesupport (5.0.7) lib/active_support/notifications.rb:164:in `block in instrument'
[e3cf1b20-7ff5-42ff-bc85-aa5c97a68084] activesupport (5.0.7) lib/active_support/notifications/instrumenter.rb:21:in `instrument'
[e3cf1b20-7ff5-42ff-bc85-aa5c97a68084] activesupport (5.0.7) lib/active_support/notifications.rb:164:in `instrument'
[e3cf1b20-7ff5-42ff-bc85-aa5c97a68084] actionpack (5.0.7) lib/action_controller/metal/instrumentation.rb:30:in `process_action'
[e3cf1b20-7ff5-42ff-bc85-aa5c97a68084] actionpack (5.0.7) lib/action_controller/metal/params_wrapper.rb:248:in `process_action'
[e3cf1b20-7ff5-42ff-bc85-aa5c97a68084] activerecord (5.0.7) lib/active_record/railties/controller_runtime.rb:18:in `process_action'
[e3cf1b20-7ff5-42ff-bc85-aa5c97a68084] actionpack (5.0.7) lib/abstract_controller/base.rb:126:in `process'
[e3cf1b20-7ff5-42ff-bc85-aa5c97a68084] actionview (5.0.7) lib/action_view/rendering.rb:30:in `process'
[e3cf1b20-7ff5-42ff-bc85-aa5c97a68084] actionpack (5.0.7) lib/action_controller/metal.rb:190:in `dispatch'
[e3cf1b20-7ff5-42ff-bc85-aa5c97a68084] actionpack (5.0.7) lib/action_controller/metal.rb:262:in `dispatch'
[e3cf1b20-7ff5-42ff-bc85-aa5c97a68084] actionpack (5.0.7) lib/action_dispatch/routing/route_set.rb:50:in `dispatch'
[e3cf1b20-7ff5-42ff-bc85-aa5c97a68084] actionpack (5.0.7) lib/action_dispatch/routing/route_set.rb:32:in `serve'
[e3cf1b20-7ff5-42ff-bc85-aa5c97a68084] actionpack (5.0.7) lib/action_dispatch/routing/mapper.rb:16:in `block in <class:Constraints>'
[e3cf1b20-7ff5-42ff-bc85-aa5c97a68084] actionpack (5.0.7) lib/action_dispatch/routing/mapper.rb:46:in `serve'
[e3cf1b20-7ff5-42ff-bc85-aa5c97a68084] actionpack (5.0.7) lib/action_dispatch/journey/router.rb:39:in `block in serve'
[e3cf1b20-7ff5-42ff-bc85-aa5c97a68084] actionpack (5.0.7) lib/action_dispatch/journey/router.rb:26:in `each'
[e3cf1b20-7ff5-42ff-bc85-aa5c97a68084] actionpack (5.0.7) lib/action_dispatch/journey/router.rb:26:in `serve'
[e3cf1b20-7ff5-42ff-bc85-aa5c97a68084] actionpack (5.0.7) lib/action_dispatch/routing/route_set.rb:727:in `call'
[e3cf1b20-7ff5-42ff-bc85-aa5c97a68084] warden (1.2.7) lib/warden/manager.rb:36:in `block in call'
[e3cf1b20-7ff5-42ff-bc85-aa5c97a68084] warden (1.2.7) lib/warden/manager.rb:35:in `catch'
[e3cf1b20-7ff5-42ff-bc85-aa5c97a68084] warden (1.2.7) lib/warden/manager.rb:35:in `call'
[e3cf1b20-7ff5-42ff-bc85-aa5c97a68084] rack (2.0.5) lib/rack/etag.rb:25:in `call'
[e3cf1b20-7ff5-42ff-bc85-aa5c97a68084] rack (2.0.5) lib/rack/conditional_get.rb:25:in `call'
[e3cf1b20-7ff5-42ff-bc85-aa5c97a68084] rack (2.0.5) lib/rack/head.rb:12:in `call'
[e3cf1b20-7ff5-42ff-bc85-aa5c97a68084] rack (2.0.5) lib/rack/session/abstract/id.rb:232:in `context'
[e3cf1b20-7ff5-42ff-bc85-aa5c97a68084] rack (2.0.5) lib/rack/session/abstract/id.rb:226:in `call'
[e3cf1b20-7ff5-42ff-bc85-aa5c97a68084] actionpack (5.0.7) lib/action_dispatch/middleware/cookies.rb:613:in `call'
[e3cf1b20-7ff5-42ff-bc85-aa5c97a68084] actionpack (5.0.7) lib/action_dispatch/middleware/callbacks.rb:38:in `block in call'
[e3cf1b20-7ff5-42ff-bc85-aa5c97a68084] activesupport (5.0.7) lib/active_support/callbacks.rb:97:in `__run_callbacks__'
[e3cf1b20-7ff5-42ff-bc85-aa5c97a68084] activesupport (5.0.7) lib/active_support/callbacks.rb:750:in `_run_call_callbacks'
[e3cf1b20-7ff5-42ff-bc85-aa5c97a68084] activesupport (5.0.7) lib/active_support/callbacks.rb:90:in `run_callbacks'
[e3cf1b20-7ff5-42ff-bc85-aa5c97a68084] actionpack (5.0.7) lib/action_dispatch/middleware/callbacks.rb:36:in `call'
[e3cf1b20-7ff5-42ff-bc85-aa5c97a68084] actionpack (5.0.7) lib/action_dispatch/middleware/remote_ip.rb:79:in `call'
[e3cf1b20-7ff5-42ff-bc85-aa5c97a68084] actionpack (5.0.7) lib/action_dispatch/middleware/debug_exceptions.rb:49:in `call'
[e3cf1b20-7ff5-42ff-bc85-aa5c97a68084] actionpack (5.0.7) lib/action_dispatch/middleware/show_exceptions.rb:31:in `call'
[e3cf1b20-7ff5-42ff-bc85-aa5c97a68084] railties (5.0.7) lib/rails/rack/logger.rb:36:in `call_app'
[e3cf1b20-7ff5-42ff-bc85-aa5c97a68084] railties (5.0.7) lib/rails/rack/logger.rb:24:in `block in call'
[e3cf1b20-7ff5-42ff-bc85-aa5c97a68084] activesupport (5.0.7) lib/active_support/tagged_logging.rb:69:in `block in tagged'
[e3cf1b20-7ff5-42ff-bc85-aa5c97a68084] activesupport (5.0.7) lib/active_support/tagged_logging.rb:26:in `tagged'
[e3cf1b20-7ff5-42ff-bc85-aa5c97a68084] activesupport (5.0.7) lib/active_support/tagged_logging.rb:69:in `tagged'
[e3cf1b20-7ff5-42ff-bc85-aa5c97a68084] railties (5.0.7) lib/rails/rack/logger.rb:24:in `call'
[e3cf1b20-7ff5-42ff-bc85-aa5c97a68084] sprockets-rails (3.2.1) lib/sprockets/rails/quiet_assets.rb:13:in `call'
[e3cf1b20-7ff5-42ff-bc85-aa5c97a68084] actionpack (5.0.7) lib/action_dispatch/middleware/request_id.rb:24:in `call'
[e3cf1b20-7ff5-42ff-bc85-aa5c97a68084] rack (2.0.5) lib/rack/method_override.rb:22:in `call'
[e3cf1b20-7ff5-42ff-bc85-aa5c97a68084] rack (2.0.5) lib/rack/runtime.rb:22:in `call'
[e3cf1b20-7ff5-42ff-bc85-aa5c97a68084] activesupport (5.0.7) lib/active_support/cache/strategy/local_cache_middleware.rb:28:in `call'
[e3cf1b20-7ff5-42ff-bc85-aa5c97a68084] actionpack (5.0.7) lib/action_dispatch/middleware/executor.rb:12:in `call'
[e3cf1b20-7ff5-42ff-bc85-aa5c97a68084] actionpack (5.0.7) lib/action_dispatch/middleware/static.rb:136:in `call'
[e3cf1b20-7ff5-42ff-bc85-aa5c97a68084] rack (2.0.5) lib/rack/sendfile.rb:111:in `call'
[e3cf1b20-7ff5-42ff-bc85-aa5c97a68084] railties (5.0.7) lib/rails/engine.rb:522:in `call'
[e3cf1b20-7ff5-42ff-bc85-aa5c97a68084] puma (3.12.0) lib/puma/configuration.rb:225:in `call'
[e3cf1b20-7ff5-42ff-bc85-aa5c97a68084] puma (3.12.0) lib/puma/server.rb:658:in `handle_request'
[e3cf1b20-7ff5-42ff-bc85-aa5c97a68084] puma (3.12.0) lib/puma/server.rb:472:in `process_client'
[e3cf1b20-7ff5-42ff-bc85-aa5c97a68084] puma (3.12.0) lib/puma/server.rb:332:in `block in run'
[e3cf1b20-7ff5-42ff-bc85-aa5c97a68084] puma (3.12.0) lib/puma/thread_pool.rb:133:in `block in spawn_thread'
